CRITICAL - 2021-04-28 07:13:59 --> Invalid file: login.php
#0 /home/jhonlucas/Documents/Projects/moe-project/vendor/codeigniter4/framework/system/View/View.php(203): CodeIgniter\Exceptions\FrameworkException::forInvalidFile()
#1 /home/jhonlucas/Documents/Projects/moe-project/vendor/codeigniter4/framework/system/Common.php(1217): CodeIgniter\View\View->render()
#2 /home/jhonlucas/Documents/Projects/moe-project/app/Controllers/Login.php(11): view()
#3 /home/jhonlucas/Documents/Projects/moe-project/vendor/codeigniter4/framework/system/CodeIgniter.php(936): App\Controllers\Login->index()
#4 /home/jhonlucas/Documents/Projects/moe-project/vendor/codeigniter4/framework/system/CodeIgniter.php(432): CodeIgniter\CodeIgniter->runController()
#5 /home/jhonlucas/Documents/Projects/moe-project/vendor/codeigniter4/framework/system/CodeIgniter.php(333): CodeIgniter\CodeIgniter->handleRequest()
#6 /home/jhonlucas/Documents/Projects/moe-project/public/index.php(44): CodeIgniter\CodeIgniter->run()
#7 /home/jhonlucas/Documents/Projects/moe-project/vendor/codeigniter4/framework/system/Commands/Server/rewrite.php(45): require_once('/home/jhonlucas...')
#8 {main}
CRITICAL - 2021-04-28 19:55:39 --> Cannot declare class App\Controllers\Login, because the name is already in use
#0 [internal function]: CodeIgniter\Debug\Exceptions->shutdownHandler()
#1 {main}
CRITICAL - 2021-04-28 20:25:25 --> Call to undefined function display_error()
#0 /home/jhonlucas/Documents/Projects/moe-project/vendor/codeigniter4/framework/system/View/View.php(220): include()
#1 /home/jhonlucas/Documents/Projects/moe-project/vendor/codeigniter4/framework/system/View/View.php(222): CodeIgniter\View\View->CodeIgniter\View\{closure}()
#2 /home/jhonlucas/Documents/Projects/moe-project/vendor/codeigniter4/framework/system/Common.php(1217): CodeIgniter\View\View->render()
#3 /home/jhonlucas/Documents/Projects/moe-project/app/Controllers/Autenticacao.php(140): view()
#4 /home/jhonlucas/Documents/Projects/moe-project/vendor/codeigniter4/framework/system/CodeIgniter.php(936): App\Controllers\Autenticacao->salvarCadastro()
#5 /home/jhonlucas/Documents/Projects/moe-project/vendor/codeigniter4/framework/system/CodeIgniter.php(432): CodeIgniter\CodeIgniter->runController()
#6 /home/jhonlucas/Documents/Projects/moe-project/vendor/codeigniter4/framework/system/CodeIgniter.php(333): CodeIgniter\CodeIgniter->handleRequest()
#7 /home/jhonlucas/Documents/Projects/moe-project/public/index.php(44): CodeIgniter\CodeIgniter->run()
#8 /home/jhonlucas/Documents/Projects/moe-project/vendor/codeigniter4/framework/system/Commands/Server/rewrite.php(45): require_once('/home/jhonlucas...')
#9 {main}
CRITICAL - 2021-04-28 20:30:35 --> Cannot call constructor
#0 /home/jhonlucas/Documents/Projects/moe-project/vendor/codeigniter4/framework/system/CodeIgniter.php(908): App\Controllers\Autenticacao->__construct()
#1 /home/jhonlucas/Documents/Projects/moe-project/vendor/codeigniter4/framework/system/CodeIgniter.php(422): CodeIgniter\CodeIgniter->createController()
#2 /home/jhonlucas/Documents/Projects/moe-project/vendor/codeigniter4/framework/system/CodeIgniter.php(333): CodeIgniter\CodeIgniter->handleRequest()
#3 /home/jhonlucas/Documents/Projects/moe-project/public/index.php(44): CodeIgniter\CodeIgniter->run()
#4 /home/jhonlucas/Documents/Projects/moe-project/vendor/codeigniter4/framework/system/Commands/Server/rewrite.php(45): require_once('/home/jhonlucas...')
#5 {main}
CRITICAL - 2021-04-28 20:39:30 --> Call to undefined function display_error()
#0 /home/jhonlucas/Documents/Projects/moe-project/vendor/codeigniter4/framework/system/View/View.php(220): include()
#1 /home/jhonlucas/Documents/Projects/moe-project/vendor/codeigniter4/framework/system/View/View.php(222): CodeIgniter\View\View->CodeIgniter\View\{closure}()
#2 /home/jhonlucas/Documents/Projects/moe-project/vendor/codeigniter4/framework/system/Common.php(1217): CodeIgniter\View\View->render()
#3 /home/jhonlucas/Documents/Projects/moe-project/app/Controllers/Autenticacao.php(140): view()
#4 /home/jhonlucas/Documents/Projects/moe-project/vendor/codeigniter4/framework/system/CodeIgniter.php(936): App\Controllers\Autenticacao->salvarCadastro()
#5 /home/jhonlucas/Documents/Projects/moe-project/vendor/codeigniter4/framework/system/CodeIgniter.php(432): CodeIgniter\CodeIgniter->runController()
#6 /home/jhonlucas/Documents/Projects/moe-project/vendor/codeigniter4/framework/system/CodeIgniter.php(333): CodeIgniter\CodeIgniter->handleRequest()
#7 /home/jhonlucas/Documents/Projects/moe-project/public/index.php(44): CodeIgniter\CodeIgniter->run()
#8 /home/jhonlucas/Documents/Projects/moe-project/vendor/codeigniter4/framework/system/Commands/Server/rewrite.php(45): require_once('/home/jhonlucas...')
#9 {main}
CRITICAL - 2021-04-28 20:40:39 --> Call to undefined function display_error()
#0 /home/jhonlucas/Documents/Projects/moe-project/vendor/codeigniter4/framework/system/View/View.php(220): include()
#1 /home/jhonlucas/Documents/Projects/moe-project/vendor/codeigniter4/framework/system/View/View.php(222): CodeIgniter\View\View->CodeIgniter\View\{closure}()
#2 /home/jhonlucas/Documents/Projects/moe-project/vendor/codeigniter4/framework/system/Common.php(1217): CodeIgniter\View\View->render()
#3 /home/jhonlucas/Documents/Projects/moe-project/app/Controllers/Autenticacao.php(140): view()
#4 /home/jhonlucas/Documents/Projects/moe-project/vendor/codeigniter4/framework/system/CodeIgniter.php(936): App\Controllers\Autenticacao->salvarCadastro()
#5 /home/jhonlucas/Documents/Projects/moe-project/vendor/codeigniter4/framework/system/CodeIgniter.php(432): CodeIgniter\CodeIgniter->runController()
#6 /home/jhonlucas/Documents/Projects/moe-project/vendor/codeigniter4/framework/system/CodeIgniter.php(333): CodeIgniter\CodeIgniter->handleRequest()
#7 /home/jhonlucas/Documents/Projects/moe-project/public/index.php(44): CodeIgniter\CodeIgniter->run()
#8 /home/jhonlucas/Documents/Projects/moe-project/vendor/codeigniter4/framework/system/Commands/Server/rewrite.php(45): require_once('/home/jhonlucas...')
#9 {main}
CRITICAL - 2021-04-28 20:41:54 --> Call to undefined function display_error()
#0 /home/jhonlucas/Documents/Projects/moe-project/vendor/codeigniter4/framework/system/View/View.php(220): include()
#1 /home/jhonlucas/Documents/Projects/moe-project/vendor/codeigniter4/framework/system/View/View.php(222): CodeIgniter\View\View->CodeIgniter\View\{closure}()
#2 /home/jhonlucas/Documents/Projects/moe-project/vendor/codeigniter4/framework/system/Common.php(1217): CodeIgniter\View\View->render()
#3 /home/jhonlucas/Documents/Projects/moe-project/app/Controllers/Autenticacao.php(140): view()
#4 /home/jhonlucas/Documents/Projects/moe-project/vendor/codeigniter4/framework/system/CodeIgniter.php(936): App\Controllers\Autenticacao->salvarCadastro()
#5 /home/jhonlucas/Documents/Projects/moe-project/vendor/codeigniter4/framework/system/CodeIgniter.php(432): CodeIgniter\CodeIgniter->runController()
#6 /home/jhonlucas/Documents/Projects/moe-project/vendor/codeigniter4/framework/system/CodeIgniter.php(333): CodeIgniter\CodeIgniter->handleRequest()
#7 /home/jhonlucas/Documents/Projects/moe-project/public/index.php(44): CodeIgniter\CodeIgniter->run()
#8 /home/jhonlucas/Documents/Projects/moe-project/vendor/codeigniter4/framework/system/Commands/Server/rewrite.php(45): require_once('/home/jhonlucas...')
#9 {main}
CRITICAL - 2021-04-28 20:53:11 --> Call to undefined function display_error()
#0 /home/jhonlucas/Documents/Projects/moe-project/vendor/codeigniter4/framework/system/View/View.php(220): include()
#1 /home/jhonlucas/Documents/Projects/moe-project/vendor/codeigniter4/framework/system/View/View.php(222): CodeIgniter\View\View->CodeIgniter\View\{closure}()
#2 /home/jhonlucas/Documents/Projects/moe-project/vendor/codeigniter4/framework/system/Common.php(1217): CodeIgniter\View\View->render()
#3 /home/jhonlucas/Documents/Projects/moe-project/app/Controllers/Autenticacao.php(139): view()
#4 /home/jhonlucas/Documents/Projects/moe-project/vendor/codeigniter4/framework/system/CodeIgniter.php(936): App\Controllers\Autenticacao->salvarCadastro()
#5 /home/jhonlucas/Documents/Projects/moe-project/vendor/codeigniter4/framework/system/CodeIgniter.php(432): CodeIgniter\CodeIgniter->runController()
#6 /home/jhonlucas/Documents/Projects/moe-project/vendor/codeigniter4/framework/system/CodeIgniter.php(333): CodeIgniter\CodeIgniter->handleRequest()
#7 /home/jhonlucas/Documents/Projects/moe-project/public/index.php(44): CodeIgniter\CodeIgniter->run()
#8 /home/jhonlucas/Documents/Projects/moe-project/vendor/codeigniter4/framework/system/Commands/Server/rewrite.php(45): require_once('/home/jhonlucas...')
#9 {main}
CRITICAL - 2021-04-28 20:53:25 --> Undefined variable: validacao
#0 /home/jhonlucas/Documents/Projects/moe-project/app/Views/autenticacao/cadastro.php(13): CodeIgniter\Debug\Exceptions->errorHandler()
#1 /home/jhonlucas/Documents/Projects/moe-project/vendor/codeigniter4/framework/system/View/View.php(220): include('/home/jhonlucas...')
#2 /home/jhonlucas/Documents/Projects/moe-project/vendor/codeigniter4/framework/system/View/View.php(222): CodeIgniter\View\View->CodeIgniter\View\{closure}()
#3 /home/jhonlucas/Documents/Projects/moe-project/vendor/codeigniter4/framework/system/Common.php(1217): CodeIgniter\View\View->render()
#4 /home/jhonlucas/Documents/Projects/moe-project/app/Controllers/Autenticacao.php(139): view()
#5 /home/jhonlucas/Documents/Projects/moe-project/vendor/codeigniter4/framework/system/CodeIgniter.php(936): App\Controllers\Autenticacao->salvarCadastro()
#6 /home/jhonlucas/Documents/Projects/moe-project/vendor/codeigniter4/framework/system/CodeIgniter.php(432): CodeIgniter\CodeIgniter->runController()
#7 /home/jhonlucas/Documents/Projects/moe-project/vendor/codeigniter4/framework/system/CodeIgniter.php(333): CodeIgniter\CodeIgniter->handleRequest()
#8 /home/jhonlucas/Documents/Projects/moe-project/public/index.php(44): CodeIgniter\CodeIgniter->run()
#9 /home/jhonlucas/Documents/Projects/moe-project/vendor/codeigniter4/framework/system/Commands/Server/rewrite.php(45): require_once('/home/jhonlucas...')
#10 {main}
CRITICAL - 2021-04-28 20:54:16 --> Undefined variable: validacao
#0 /home/jhonlucas/Documents/Projects/moe-project/app/Views/autenticacao/cadastro.php(13): CodeIgniter\Debug\Exceptions->errorHandler()
#1 /home/jhonlucas/Documents/Projects/moe-project/vendor/codeigniter4/framework/system/View/View.php(220): include('/home/jhonlucas...')
#2 /home/jhonlucas/Documents/Projects/moe-project/vendor/codeigniter4/framework/system/View/View.php(222): CodeIgniter\View\View->CodeIgniter\View\{closure}()
#3 /home/jhonlucas/Documents/Projects/moe-project/vendor/codeigniter4/framework/system/Common.php(1217): CodeIgniter\View\View->render()
#4 /home/jhonlucas/Documents/Projects/moe-project/app/Controllers/Autenticacao.php(139): view()
#5 /home/jhonlucas/Documents/Projects/moe-project/vendor/codeigniter4/framework/system/CodeIgniter.php(936): App\Controllers\Autenticacao->salvarCadastro()
#6 /home/jhonlucas/Documents/Projects/moe-project/vendor/codeigniter4/framework/system/CodeIgniter.php(432): CodeIgniter\CodeIgniter->runController()
#7 /home/jhonlucas/Documents/Projects/moe-project/vendor/codeigniter4/framework/system/CodeIgniter.php(333): CodeIgniter\CodeIgniter->handleRequest()
#8 /home/jhonlucas/Documents/Projects/moe-project/public/index.php(44): CodeIgniter\CodeIgniter->run()
#9 /home/jhonlucas/Documents/Projects/moe-project/vendor/codeigniter4/framework/system/Commands/Server/rewrite.php(45): require_once('/home/jhonlucas...')
#10 {main}
CRITICAL - 2021-04-28 20:56:34 --> Undefined property: App\Controllers\Autenticacao::$load
#0 /home/jhonlucas/Documents/Projects/moe-project/app/Controllers/Autenticacao.php(11): CodeIgniter\Debug\Exceptions->errorHandler()
#1 /home/jhonlucas/Documents/Projects/moe-project/vendor/codeigniter4/framework/system/CodeIgniter.php(908): App\Controllers\Autenticacao->__construct()
#2 /home/jhonlucas/Documents/Projects/moe-project/vendor/codeigniter4/framework/system/CodeIgniter.php(422): CodeIgniter\CodeIgniter->createController()
#3 /home/jhonlucas/Documents/Projects/moe-project/vendor/codeigniter4/framework/system/CodeIgniter.php(333): CodeIgniter\CodeIgniter->handleRequest()
#4 /home/jhonlucas/Documents/Projects/moe-project/public/index.php(44): CodeIgniter\CodeIgniter->run()
#5 /home/jhonlucas/Documents/Projects/moe-project/vendor/codeigniter4/framework/system/Commands/Server/rewrite.php(45): require_once('/home/jhonlucas...')
#6 {main}
CRITICAL - 2021-04-28 20:56:54 --> Class 'App\Controllers\CodeIgniter\Controller' not found
#0 /home/jhonlucas/Documents/Projects/moe-project/vendor/codeigniter4/framework/system/Router/Router.php(562): include_once()
#1 /home/jhonlucas/Documents/Projects/moe-project/vendor/codeigniter4/framework/system/Router/Router.php(170): CodeIgniter\Router\Router->autoRoute()
#2 /home/jhonlucas/Documents/Projects/moe-project/vendor/codeigniter4/framework/system/CodeIgniter.php(816): CodeIgniter\Router\Router->handle()
#3 /home/jhonlucas/Documents/Projects/moe-project/vendor/codeigniter4/framework/system/CodeIgniter.php(385): CodeIgniter\CodeIgniter->tryToRouteIt()
#4 /home/jhonlucas/Documents/Projects/moe-project/vendor/codeigniter4/framework/system/CodeIgniter.php(333): CodeIgniter\CodeIgniter->handleRequest()
#5 /home/jhonlucas/Documents/Projects/moe-project/public/index.php(44): CodeIgniter\CodeIgniter->run()
#6 /home/jhonlucas/Documents/Projects/moe-project/vendor/codeigniter4/framework/system/Commands/Server/rewrite.php(45): require_once('/home/jhonlucas...')
#7 {main}
CRITICAL - 2021-04-28 20:57:03 --> Undefined property: App\Controllers\Autenticacao::$load
#0 /home/jhonlucas/Documents/Projects/moe-project/app/Controllers/Autenticacao.php(11): CodeIgniter\Debug\Exceptions->errorHandler()
#1 /home/jhonlucas/Documents/Projects/moe-project/vendor/codeigniter4/framework/system/CodeIgniter.php(908): App\Controllers\Autenticacao->__construct()
#2 /home/jhonlucas/Documents/Projects/moe-project/vendor/codeigniter4/framework/system/CodeIgniter.php(422): CodeIgniter\CodeIgniter->createController()
#3 /home/jhonlucas/Documents/Projects/moe-project/vendor/codeigniter4/framework/system/CodeIgniter.php(333): CodeIgniter\CodeIgniter->handleRequest()
#4 /home/jhonlucas/Documents/Projects/moe-project/public/index.php(44): CodeIgniter\CodeIgniter->run()
#5 /home/jhonlucas/Documents/Projects/moe-project/vendor/codeigniter4/framework/system/Commands/Server/rewrite.php(45): require_once('/home/jhonlucas...')
#6 {main}
CRITICAL - 2021-04-28 20:57:56 --> Class 'App\Controllers\CI_Controller' not found
#0 /home/jhonlucas/Documents/Projects/moe-project/vendor/codeigniter4/framework/system/Router/Router.php(562): include_once()
#1 /home/jhonlucas/Documents/Projects/moe-project/vendor/codeigniter4/framework/system/Router/Router.php(170): CodeIgniter\Router\Router->autoRoute()
#2 /home/jhonlucas/Documents/Projects/moe-project/vendor/codeigniter4/framework/system/CodeIgniter.php(816): CodeIgniter\Router\Router->handle()
#3 /home/jhonlucas/Documents/Projects/moe-project/vendor/codeigniter4/framework/system/CodeIgniter.php(385): CodeIgniter\CodeIgniter->tryToRouteIt()
#4 /home/jhonlucas/Documents/Projects/moe-project/vendor/codeigniter4/framework/system/CodeIgniter.php(333): CodeIgniter\CodeIgniter->handleRequest()
#5 /home/jhonlucas/Documents/Projects/moe-project/public/index.php(44): CodeIgniter\CodeIgniter->run()
#6 /home/jhonlucas/Documents/Projects/moe-project/vendor/codeigniter4/framework/system/Commands/Server/rewrite.php(45): require_once('/home/jhonlucas...')
#7 {main}
CRITICAL - 2021-04-28 20:58:05 --> Undefined property: App\Controllers\Autenticacao::$load
#0 /home/jhonlucas/Documents/Projects/moe-project/app/Controllers/Autenticacao.php(11): CodeIgniter\Debug\Exceptions->errorHandler()
#1 /home/jhonlucas/Documents/Projects/moe-project/vendor/codeigniter4/framework/system/CodeIgniter.php(908): App\Controllers\Autenticacao->__construct()
#2 /home/jhonlucas/Documents/Projects/moe-project/vendor/codeigniter4/framework/system/CodeIgniter.php(422): CodeIgniter\CodeIgniter->createController()
#3 /home/jhonlucas/Documents/Projects/moe-project/vendor/codeigniter4/framework/system/CodeIgniter.php(333): CodeIgniter\CodeIgniter->handleRequest()
#4 /home/jhonlucas/Documents/Projects/moe-project/public/index.php(44): CodeIgniter\CodeIgniter->run()
#5 /home/jhonlucas/Documents/Projects/moe-project/vendor/codeigniter4/framework/system/Commands/Server/rewrite.php(45): require_once('/home/jhonlucas...')
#6 {main}
CRITICAL - 2021-04-28 21:00:57 --> Undefined property: App\Controllers\Autenticacao::$load
#0 /home/jhonlucas/Documents/Projects/moe-project/app/Controllers/Autenticacao.php(11): CodeIgniter\Debug\Exceptions->errorHandler()
#1 /home/jhonlucas/Documents/Projects/moe-project/vendor/codeigniter4/framework/system/CodeIgniter.php(908): App\Controllers\Autenticacao->__construct()
#2 /home/jhonlucas/Documents/Projects/moe-project/vendor/codeigniter4/framework/system/CodeIgniter.php(422): CodeIgniter\CodeIgniter->createController()
#3 /home/jhonlucas/Documents/Projects/moe-project/vendor/codeigniter4/framework/system/CodeIgniter.php(333): CodeIgniter\CodeIgniter->handleRequest()
#4 /home/jhonlucas/Documents/Projects/moe-project/public/index.php(44): CodeIgniter\CodeIgniter->run()
#5 /home/jhonlucas/Documents/Projects/moe-project/vendor/codeigniter4/framework/system/Commands/Server/rewrite.php(45): require_once('/home/jhonlucas...')
#6 {main}
CRITICAL - 2021-04-28 21:01:18 --> Call to undefined function App\Controllers\help()
#0 /home/jhonlucas/Documents/Projects/moe-project/vendor/codeigniter4/framework/system/CodeIgniter.php(908): App\Controllers\Autenticacao->__construct()
#1 /home/jhonlucas/Documents/Projects/moe-project/vendor/codeigniter4/framework/system/CodeIgniter.php(422): CodeIgniter\CodeIgniter->createController()
#2 /home/jhonlucas/Documents/Projects/moe-project/vendor/codeigniter4/framework/system/CodeIgniter.php(333): CodeIgniter\CodeIgniter->handleRequest()
#3 /home/jhonlucas/Documents/Projects/moe-project/public/index.php(44): CodeIgniter\CodeIgniter->run()
#4 /home/jhonlucas/Documents/Projects/moe-project/vendor/codeigniter4/framework/system/Commands/Server/rewrite.php(45): require_once('/home/jhonlucas...')
#5 {main}
CRITICAL - 2021-04-28 21:01:27 --> Call to undefined function App\Controllers\help()
#0 /home/jhonlucas/Documents/Projects/moe-project/vendor/codeigniter4/framework/system/CodeIgniter.php(908): App\Controllers\Autenticacao->__construct()
#1 /home/jhonlucas/Documents/Projects/moe-project/vendor/codeigniter4/framework/system/CodeIgniter.php(422): CodeIgniter\CodeIgniter->createController()
#2 /home/jhonlucas/Documents/Projects/moe-project/vendor/codeigniter4/framework/system/CodeIgniter.php(333): CodeIgniter\CodeIgniter->handleRequest()
#3 /home/jhonlucas/Documents/Projects/moe-project/public/index.php(44): CodeIgniter\CodeIgniter->run()
#4 /home/jhonlucas/Documents/Projects/moe-project/vendor/codeigniter4/framework/system/Commands/Server/rewrite.php(45): require_once('/home/jhonlucas...')
#5 {main}
CRITICAL - 2021-04-28 21:02:03 --> Call to undefined function display_error()
#0 /home/jhonlucas/Documents/Projects/moe-project/vendor/codeigniter4/framework/system/View/View.php(220): include()
#1 /home/jhonlucas/Documents/Projects/moe-project/vendor/codeigniter4/framework/system/View/View.php(222): CodeIgniter\View\View->CodeIgniter\View\{closure}()
#2 /home/jhonlucas/Documents/Projects/moe-project/vendor/codeigniter4/framework/system/Common.php(1217): CodeIgniter\View\View->render()
#3 /home/jhonlucas/Documents/Projects/moe-project/app/Controllers/Autenticacao.php(139): view()
#4 /home/jhonlucas/Documents/Projects/moe-project/vendor/codeigniter4/framework/system/CodeIgniter.php(936): App\Controllers\Autenticacao->salvarCadastro()
#5 /home/jhonlucas/Documents/Projects/moe-project/vendor/codeigniter4/framework/system/CodeIgniter.php(432): CodeIgniter\CodeIgniter->runController()
#6 /home/jhonlucas/Documents/Projects/moe-project/vendor/codeigniter4/framework/system/CodeIgniter.php(333): CodeIgniter\CodeIgniter->handleRequest()
#7 /home/jhonlucas/Documents/Projects/moe-project/public/index.php(44): CodeIgniter\CodeIgniter->run()
#8 /home/jhonlucas/Documents/Projects/moe-project/vendor/codeigniter4/framework/system/Commands/Server/rewrite.php(45): require_once('/home/jhonlucas...')
#9 {main}
CRITICAL - 2021-04-28 21:03:54 --> Call to undefined function display_error()
#0 /home/jhonlucas/Documents/Projects/moe-project/vendor/codeigniter4/framework/system/View/View.php(220): include()
#1 /home/jhonlucas/Documents/Projects/moe-project/vendor/codeigniter4/framework/system/View/View.php(222): CodeIgniter\View\View->CodeIgniter\View\{closure}()
#2 /home/jhonlucas/Documents/Projects/moe-project/vendor/codeigniter4/framework/system/Common.php(1217): CodeIgniter\View\View->render()
#3 /home/jhonlucas/Documents/Projects/moe-project/app/Controllers/Autenticacao.php(139): view()
#4 /home/jhonlucas/Documents/Projects/moe-project/vendor/codeigniter4/framework/system/CodeIgniter.php(936): App\Controllers\Autenticacao->salvarCadastro()
#5 /home/jhonlucas/Documents/Projects/moe-project/vendor/codeigniter4/framework/system/CodeIgniter.php(432): CodeIgniter\CodeIgniter->runController()
#6 /home/jhonlucas/Documents/Projects/moe-project/vendor/codeigniter4/framework/system/CodeIgniter.php(333): CodeIgniter\CodeIgniter->handleRequest()
#7 /home/jhonlucas/Documents/Projects/moe-project/public/index.php(44): CodeIgniter\CodeIgniter->run()
#8 /home/jhonlucas/Documents/Projects/moe-project/vendor/codeigniter4/framework/system/Commands/Server/rewrite.php(45): require_once('/home/jhonlucas...')
#9 {main}
CRITICAL - 2021-04-28 21:04:21 --> Undefined variable: validacao
#0 /home/jhonlucas/Documents/Projects/moe-project/app/Views/autenticacao/cadastro.php(13): CodeIgniter\Debug\Exceptions->errorHandler()
#1 /home/jhonlucas/Documents/Projects/moe-project/vendor/codeigniter4/framework/system/View/View.php(220): include('/home/jhonlucas...')
#2 /home/jhonlucas/Documents/Projects/moe-project/vendor/codeigniter4/framework/system/View/View.php(222): CodeIgniter\View\View->CodeIgniter\View\{closure}()
#3 /home/jhonlucas/Documents/Projects/moe-project/vendor/codeigniter4/framework/system/Common.php(1217): CodeIgniter\View\View->render()
#4 /home/jhonlucas/Documents/Projects/moe-project/app/Controllers/Autenticacao.php(139): view()
#5 /home/jhonlucas/Documents/Projects/moe-project/vendor/codeigniter4/framework/system/CodeIgniter.php(936): App\Controllers\Autenticacao->salvarCadastro()
#6 /home/jhonlucas/Documents/Projects/moe-project/vendor/codeigniter4/framework/system/CodeIgniter.php(432): CodeIgniter\CodeIgniter->runController()
#7 /home/jhonlucas/Documents/Projects/moe-project/vendor/codeigniter4/framework/system/CodeIgniter.php(333): CodeIgniter\CodeIgniter->handleRequest()
#8 /home/jhonlucas/Documents/Projects/moe-project/public/index.php(44): CodeIgniter\CodeIgniter->run()
#9 /home/jhonlucas/Documents/Projects/moe-project/vendor/codeigniter4/framework/system/Commands/Server/rewrite.php(45): require_once('/home/jhonlucas...')
#10 {main}
CRITICAL - 2021-04-28 21:10:26 --> Call to undefined function display_error()
#0 /home/jhonlucas/Documents/Projects/moe-project/vendor/codeigniter4/framework/system/View/View.php(220): include()
#1 /home/jhonlucas/Documents/Projects/moe-project/vendor/codeigniter4/framework/system/View/View.php(222): CodeIgniter\View\View->CodeIgniter\View\{closure}()
#2 /home/jhonlucas/Documents/Projects/moe-project/vendor/codeigniter4/framework/system/Common.php(1217): CodeIgniter\View\View->render()
#3 /home/jhonlucas/Documents/Projects/moe-project/app/Controllers/Autenticacao.php(139): view()
#4 /home/jhonlucas/Documents/Projects/moe-project/vendor/codeigniter4/framework/system/CodeIgniter.php(936): App\Controllers\Autenticacao->salvarCadastro()
#5 /home/jhonlucas/Documents/Projects/moe-project/vendor/codeigniter4/framework/system/CodeIgniter.php(432): CodeIgniter\CodeIgniter->runController()
#6 /home/jhonlucas/Documents/Projects/moe-project/vendor/codeigniter4/framework/system/CodeIgniter.php(333): CodeIgniter\CodeIgniter->handleRequest()
#7 /home/jhonlucas/Documents/Projects/moe-project/public/index.php(44): CodeIgniter\CodeIgniter->run()
#8 /home/jhonlucas/Documents/Projects/moe-project/vendor/codeigniter4/framework/system/Commands/Server/rewrite.php(45): require_once('/home/jhonlucas...')
#9 {main}
CRITICAL - 2021-04-28 21:10:47 --> Call to undefined function display_error()
#0 /home/jhonlucas/Documents/Projects/moe-project/vendor/codeigniter4/framework/system/View/View.php(220): include()
#1 /home/jhonlucas/Documents/Projects/moe-project/vendor/codeigniter4/framework/system/View/View.php(222): CodeIgniter\View\View->CodeIgniter\View\{closure}()
#2 /home/jhonlucas/Documents/Projects/moe-project/vendor/codeigniter4/framework/system/Common.php(1217): CodeIgniter\View\View->render()
#3 /home/jhonlucas/Documents/Projects/moe-project/app/Controllers/Autenticacao.php(139): view()
#4 /home/jhonlucas/Documents/Projects/moe-project/vendor/codeigniter4/framework/system/CodeIgniter.php(936): App\Controllers\Autenticacao->salvarCadastro()
#5 /home/jhonlucas/Documents/Projects/moe-project/vendor/codeigniter4/framework/system/CodeIgniter.php(432): CodeIgniter\CodeIgniter->runController()
#6 /home/jhonlucas/Documents/Projects/moe-project/vendor/codeigniter4/framework/system/CodeIgniter.php(333): CodeIgniter\CodeIgniter->handleRequest()
#7 /home/jhonlucas/Documents/Projects/moe-project/public/index.php(44): CodeIgniter\CodeIgniter->run()
#8 /home/jhonlucas/Documents/Projects/moe-project/vendor/codeigniter4/framework/system/Commands/Server/rewrite.php(45): require_once('/home/jhonlucas...')
#9 {main}
CRITICAL - 2021-04-28 21:12:48 --> Call to undefined function display_error()
#0 /home/jhonlucas/Documents/Projects/moe-project/vendor/codeigniter4/framework/system/View/View.php(220): include()
#1 /home/jhonlucas/Documents/Projects/moe-project/vendor/codeigniter4/framework/system/View/View.php(222): CodeIgniter\View\View->CodeIgniter\View\{closure}()
#2 /home/jhonlucas/Documents/Projects/moe-project/vendor/codeigniter4/framework/system/Common.php(1217): CodeIgniter\View\View->render()
#3 /home/jhonlucas/Documents/Projects/moe-project/app/Controllers/Autenticacao.php(139): view()
#4 /home/jhonlucas/Documents/Projects/moe-project/vendor/codeigniter4/framework/system/CodeIgniter.php(936): App\Controllers\Autenticacao->salvarCadastro()
#5 /home/jhonlucas/Documents/Projects/moe-project/vendor/codeigniter4/framework/system/CodeIgniter.php(432): CodeIgniter\CodeIgniter->runController()
#6 /home/jhonlucas/Documents/Projects/moe-project/vendor/codeigniter4/framework/system/CodeIgniter.php(333): CodeIgniter\CodeIgniter->handleRequest()
#7 /home/jhonlucas/Documents/Projects/moe-project/public/index.php(44): CodeIgniter\CodeIgniter->run()
#8 /home/jhonlucas/Documents/Projects/moe-project/vendor/codeigniter4/framework/system/Commands/Server/rewrite.php(45): require_once('/home/jhonlucas...')
#9 {main}
ERROR - 2021-04-28 21:22:46 --> Error connecting to the database: Call to undefined function CodeIgniter\Database\MySQLi\mysqli_init()
CRITICAL - 2021-04-28 21:22:46 --> Unable to connect to the database.
#0 /home/jhonlucas/Documents/Projects/moe-project/vendor/codeigniter4/framework/system/Database/BaseConnection.php(618): CodeIgniter\Database\BaseConnection->initialize()
#1 /home/jhonlucas/Documents/Projects/moe-project/vendor/codeigniter4/framework/system/Database/BaseBuilder.php(1866): CodeIgniter\Database\BaseConnection->query()
#2 /home/jhonlucas/Documents/Projects/moe-project/vendor/codeigniter4/framework/system/Validation/Rules.php(212): CodeIgniter\Database\BaseBuilder->get()
#3 /home/jhonlucas/Documents/Projects/moe-project/vendor/codeigniter4/framework/system/Validation/Validation.php(306): CodeIgniter\Validation\Rules->is_unique()
#4 /home/jhonlucas/Documents/Projects/moe-project/vendor/codeigniter4/framework/system/Validation/Validation.php(164): CodeIgniter\Validation\Validation->processRules()
#5 /home/jhonlucas/Documents/Projects/moe-project/vendor/codeigniter4/framework/system/Controller.php(181): CodeIgniter\Validation\Validation->run()
#6 /home/jhonlucas/Documents/Projects/moe-project/app/Controllers/Autenticacao.php(87): CodeIgniter\Controller->validate()
#7 /home/jhonlucas/Documents/Projects/moe-project/vendor/codeigniter4/framework/system/CodeIgniter.php(936): App\Controllers\Autenticacao->salvarCadastro()
#8 /home/jhonlucas/Documents/Projects/moe-project/vendor/codeigniter4/framework/system/CodeIgniter.php(432): CodeIgniter\CodeIgniter->runController()
#9 /home/jhonlucas/Documents/Projects/moe-project/vendor/codeigniter4/framework/system/CodeIgniter.php(333): CodeIgniter\CodeIgniter->handleRequest()
#10 /home/jhonlucas/Documents/Projects/moe-project/public/index.php(44): CodeIgniter\CodeIgniter->run()
#11 /home/jhonlucas/Documents/Projects/moe-project/vendor/codeigniter4/framework/system/Commands/Server/rewrite.php(45): require_once('/home/jhonlucas...')
#12 {main}
ERROR - 2021-04-28 21:23:11 --> Error connecting to the database: Call to undefined function CodeIgniter\Database\MySQLi\mysqli_init()
CRITICAL - 2021-04-28 21:23:11 --> Unable to connect to the database.
#0 /home/jhonlucas/Documents/Projects/moe-project/vendor/codeigniter4/framework/system/Database/BaseConnection.php(618): CodeIgniter\Database\BaseConnection->initialize()
#1 /home/jhonlucas/Documents/Projects/moe-project/vendor/codeigniter4/framework/system/Database/BaseBuilder.php(1866): CodeIgniter\Database\BaseConnection->query()
#2 /home/jhonlucas/Documents/Projects/moe-project/vendor/codeigniter4/framework/system/Validation/Rules.php(212): CodeIgniter\Database\BaseBuilder->get()
#3 /home/jhonlucas/Documents/Projects/moe-project/vendor/codeigniter4/framework/system/Validation/Validation.php(306): CodeIgniter\Validation\Rules->is_unique()
#4 /home/jhonlucas/Documents/Projects/moe-project/vendor/codeigniter4/framework/system/Validation/Validation.php(164): CodeIgniter\Validation\Validation->processRules()
#5 /home/jhonlucas/Documents/Projects/moe-project/vendor/codeigniter4/framework/system/Controller.php(181): CodeIgniter\Validation\Validation->run()
#6 /home/jhonlucas/Documents/Projects/moe-project/app/Controllers/Autenticacao.php(87): CodeIgniter\Controller->validate()
#7 /home/jhonlucas/Documents/Projects/moe-project/vendor/codeigniter4/framework/system/CodeIgniter.php(936): App\Controllers\Autenticacao->salvarCadastro()
#8 /home/jhonlucas/Documents/Projects/moe-project/vendor/codeigniter4/framework/system/CodeIgniter.php(432): CodeIgniter\CodeIgniter->runController()
#9 /home/jhonlucas/Documents/Projects/moe-project/vendor/codeigniter4/framework/system/CodeIgniter.php(333): CodeIgniter\CodeIgniter->handleRequest()
#10 /home/jhonlucas/Documents/Projects/moe-project/public/index.php(44): CodeIgniter\CodeIgniter->run()
#11 /home/jhonlucas/Documents/Projects/moe-project/vendor/codeigniter4/framework/system/Commands/Server/rewrite.php(45): require_once('/home/jhonlucas...')
#12 {main}
ERROR - 2021-04-28 21:41:36 --> Error connecting to the database: Call to undefined function CodeIgniter\Database\MySQLi\mysqli_init()
CRITICAL - 2021-04-28 21:41:36 --> Unable to connect to the database.
#0 /home/jhonlucas/Documents/Projects/moe-project/vendor/codeigniter4/framework/system/Database/BaseConnection.php(618): CodeIgniter\Database\BaseConnection->initialize()
#1 /home/jhonlucas/Documents/Projects/moe-project/vendor/codeigniter4/framework/system/Database/BaseBuilder.php(1866): CodeIgniter\Database\BaseConnection->query()
#2 /home/jhonlucas/Documents/Projects/moe-project/vendor/codeigniter4/framework/system/Validation/Rules.php(212): CodeIgniter\Database\BaseBuilder->get()
#3 /home/jhonlucas/Documents/Projects/moe-project/vendor/codeigniter4/framework/system/Validation/Validation.php(306): CodeIgniter\Validation\Rules->is_unique()
#4 /home/jhonlucas/Documents/Projects/moe-project/vendor/codeigniter4/framework/system/Validation/Validation.php(164): CodeIgniter\Validation\Validation->processRules()
#5 /home/jhonlucas/Documents/Projects/moe-project/vendor/codeigniter4/framework/system/Controller.php(181): CodeIgniter\Validation\Validation->run()
#6 /home/jhonlucas/Documents/Projects/moe-project/app/Controllers/Autenticacao.php(28): CodeIgniter\Controller->validate()
#7 /home/jhonlucas/Documents/Projects/moe-project/vendor/codeigniter4/framework/system/CodeIgniter.php(936): App\Controllers\Autenticacao->salvarCadastro()
#8 /home/jhonlucas/Documents/Projects/moe-project/vendor/codeigniter4/framework/system/CodeIgniter.php(432): CodeIgniter\CodeIgniter->runController()
#9 /home/jhonlucas/Documents/Projects/moe-project/vendor/codeigniter4/framework/system/CodeIgniter.php(333): CodeIgniter\CodeIgniter->handleRequest()
#10 /home/jhonlucas/Documents/Projects/moe-project/public/index.php(44): CodeIgniter\CodeIgniter->run()
#11 /home/jhonlucas/Documents/Projects/moe-project/vendor/codeigniter4/framework/system/Commands/Server/rewrite.php(45): require_once('/home/jhonlucas...')
#12 {main}
ERROR - 2021-04-28 21:45:53 --> Error connecting to the database: Call to undefined function CodeIgniter\Database\MySQLi\mysqli_init()
CRITICAL - 2021-04-28 21:45:53 --> Unable to connect to the database.
#0 /home/jhonlucas/Documents/Projects/moe-project/vendor/codeigniter4/framework/system/Database/BaseConnection.php(618): CodeIgniter\Database\BaseConnection->initialize()
#1 /home/jhonlucas/Documents/Projects/moe-project/vendor/codeigniter4/framework/system/Database/BaseBuilder.php(1866): CodeIgniter\Database\BaseConnection->query()
#2 /home/jhonlucas/Documents/Projects/moe-project/vendor/codeigniter4/framework/system/Validation/Rules.php(212): CodeIgniter\Database\BaseBuilder->get()
#3 /home/jhonlucas/Documents/Projects/moe-project/vendor/codeigniter4/framework/system/Validation/Validation.php(306): CodeIgniter\Validation\Rules->is_unique()
#4 /home/jhonlucas/Documents/Projects/moe-project/vendor/codeigniter4/framework/system/Validation/Validation.php(164): CodeIgniter\Validation\Validation->processRules()
#5 /home/jhonlucas/Documents/Projects/moe-project/vendor/codeigniter4/framework/system/Controller.php(181): CodeIgniter\Validation\Validation->run()
#6 /home/jhonlucas/Documents/Projects/moe-project/app/Controllers/Autenticacao.php(28): CodeIgniter\Controller->validate()
#7 /home/jhonlucas/Documents/Projects/moe-project/vendor/codeigniter4/framework/system/CodeIgniter.php(936): App\Controllers\Autenticacao->salvarCadastro()
#8 /home/jhonlucas/Documents/Projects/moe-project/vendor/codeigniter4/framework/system/CodeIgniter.php(432): CodeIgniter\CodeIgniter->runController()
#9 /home/jhonlucas/Documents/Projects/moe-project/vendor/codeigniter4/framework/system/CodeIgniter.php(333): CodeIgniter\CodeIgniter->handleRequest()
#10 /home/jhonlucas/Documents/Projects/moe-project/public/index.php(44): CodeIgniter\CodeIgniter->run()
#11 /home/jhonlucas/Documents/Projects/moe-project/vendor/codeigniter4/framework/system/Commands/Server/rewrite.php(45): require_once('/home/jhonlucas...')
#12 {main}
ERROR - 2021-04-28 21:46:49 --> Error connecting to the database: Call to undefined function CodeIgniter\Database\MySQLi\mysqli_init()
CRITICAL - 2021-04-28 21:46:49 --> Unable to connect to the database.
#0 /home/jhonlucas/Documents/Projects/moe-project/vendor/codeigniter4/framework/system/Database/BaseConnection.php(618): CodeIgniter\Database\BaseConnection->initialize()
#1 /home/jhonlucas/Documents/Projects/moe-project/vendor/codeigniter4/framework/system/Database/BaseBuilder.php(1866): CodeIgniter\Database\BaseConnection->query()
#2 /home/jhonlucas/Documents/Projects/moe-project/vendor/codeigniter4/framework/system/Validation/Rules.php(212): CodeIgniter\Database\BaseBuilder->get()
#3 /home/jhonlucas/Documents/Projects/moe-project/vendor/codeigniter4/framework/system/Validation/Validation.php(306): CodeIgniter\Validation\Rules->is_unique()
#4 /home/jhonlucas/Documents/Projects/moe-project/vendor/codeigniter4/framework/system/Validation/Validation.php(164): CodeIgniter\Validation\Validation->processRules()
#5 /home/jhonlucas/Documents/Projects/moe-project/vendor/codeigniter4/framework/system/Controller.php(181): CodeIgniter\Validation\Validation->run()
#6 /home/jhonlucas/Documents/Projects/moe-project/app/Controllers/Autenticacao.php(28): CodeIgniter\Controller->validate()
#7 /home/jhonlucas/Documents/Projects/moe-project/vendor/codeigniter4/framework/system/CodeIgniter.php(936): App\Controllers\Autenticacao->salvarCadastro()
#8 /home/jhonlucas/Documents/Projects/moe-project/vendor/codeigniter4/framework/system/CodeIgniter.php(432): CodeIgniter\CodeIgniter->runController()
#9 /home/jhonlucas/Documents/Projects/moe-project/vendor/codeigniter4/framework/system/CodeIgniter.php(333): CodeIgniter\CodeIgniter->handleRequest()
#10 /home/jhonlucas/Documents/Projects/moe-project/public/index.php(44): CodeIgniter\CodeIgniter->run()
#11 /home/jhonlucas/Documents/Projects/moe-project/vendor/codeigniter4/framework/system/Commands/Server/rewrite.php(45): require_once('/home/jhonlucas...')
#12 {main}
ERROR - 2021-04-28 21:53:27 --> Error connecting to the database: Call to undefined function CodeIgniter\Database\MySQLi\mysqli_init()
CRITICAL - 2021-04-28 21:53:27 --> Unable to connect to the database.
#0 /home/jhonlucas/Documents/Projects/moe-project/vendor/codeigniter4/framework/system/Database/BaseConnection.php(618): CodeIgniter\Database\BaseConnection->initialize()
#1 /home/jhonlucas/Documents/Projects/moe-project/vendor/codeigniter4/framework/system/Database/BaseBuilder.php(1866): CodeIgniter\Database\BaseConnection->query()
#2 /home/jhonlucas/Documents/Projects/moe-project/vendor/codeigniter4/framework/system/Validation/Rules.php(212): CodeIgniter\Database\BaseBuilder->get()
#3 /home/jhonlucas/Documents/Projects/moe-project/vendor/codeigniter4/framework/system/Validation/Validation.php(306): CodeIgniter\Validation\Rules->is_unique()
#4 /home/jhonlucas/Documents/Projects/moe-project/vendor/codeigniter4/framework/system/Validation/Validation.php(164): CodeIgniter\Validation\Validation->processRules()
#5 /home/jhonlucas/Documents/Projects/moe-project/vendor/codeigniter4/framework/system/Controller.php(181): CodeIgniter\Validation\Validation->run()
#6 /home/jhonlucas/Documents/Projects/moe-project/app/Controllers/Autenticacao.php(28): CodeIgniter\Controller->validate()
#7 /home/jhonlucas/Documents/Projects/moe-project/vendor/codeigniter4/framework/system/CodeIgniter.php(936): App\Controllers\Autenticacao->salvarCadastro()
#8 /home/jhonlucas/Documents/Projects/moe-project/vendor/codeigniter4/framework/system/CodeIgniter.php(432): CodeIgniter\CodeIgniter->runController()
#9 /home/jhonlucas/Documents/Projects/moe-project/vendor/codeigniter4/framework/system/CodeIgniter.php(333): CodeIgniter\CodeIgniter->handleRequest()
#10 /home/jhonlucas/Documents/Projects/moe-project/public/index.php(44): CodeIgniter\CodeIgniter->run()
#11 /home/jhonlucas/Documents/Projects/moe-project/vendor/codeigniter4/framework/system/Commands/Server/rewrite.php(45): require_once('/home/jhonlucas...')
#12 {main}
ERROR - 2021-04-28 22:01:30 --> Error connecting to the database: Call to undefined function CodeIgniter\Database\MySQLi\mysqli_init()
CRITICAL - 2021-04-28 22:01:30 --> Unable to connect to the database.
#0 /home/jhonlucas/Documents/Projects/moe-project/vendor/codeigniter4/framework/system/Database/BaseConnection.php(618): CodeIgniter\Database\BaseConnection->initialize()
#1 /home/jhonlucas/Documents/Projects/moe-project/vendor/codeigniter4/framework/system/Database/BaseBuilder.php(1866): CodeIgniter\Database\BaseConnection->query()
#2 /home/jhonlucas/Documents/Projects/moe-project/vendor/codeigniter4/framework/system/Validation/Rules.php(212): CodeIgniter\Database\BaseBuilder->get()
#3 /home/jhonlucas/Documents/Projects/moe-project/vendor/codeigniter4/framework/system/Validation/Validation.php(306): CodeIgniter\Validation\Rules->is_unique()
#4 /home/jhonlucas/Documents/Projects/moe-project/vendor/codeigniter4/framework/system/Validation/Validation.php(164): CodeIgniter\Validation\Validation->processRules()
#5 /home/jhonlucas/Documents/Projects/moe-project/vendor/codeigniter4/framework/system/Controller.php(181): CodeIgniter\Validation\Validation->run()
#6 /home/jhonlucas/Documents/Projects/moe-project/app/Controllers/Autenticacao.php(28): CodeIgniter\Controller->validate()
#7 /home/jhonlucas/Documents/Projects/moe-project/vendor/codeigniter4/framework/system/CodeIgniter.php(936): App\Controllers\Autenticacao->salvarCadastro()
#8 /home/jhonlucas/Documents/Projects/moe-project/vendor/codeigniter4/framework/system/CodeIgniter.php(432): CodeIgniter\CodeIgniter->runController()
#9 /home/jhonlucas/Documents/Projects/moe-project/vendor/codeigniter4/framework/system/CodeIgniter.php(333): CodeIgniter\CodeIgniter->handleRequest()
#10 /home/jhonlucas/Documents/Projects/moe-project/public/index.php(44): CodeIgniter\CodeIgniter->run()
#11 /home/jhonlucas/Documents/Projects/moe-project/vendor/codeigniter4/framework/system/Commands/Server/rewrite.php(45): require_once('/home/jhonlucas...')
#12 {main}
ERROR - 2021-04-28 22:04:21 --> Error connecting to the database: Call to undefined function CodeIgniter\Database\MySQLi\mysqli_init()
CRITICAL - 2021-04-28 22:04:21 --> Unable to connect to the database.
#0 /home/jhonlucas/Documents/Projects/moe-project/vendor/codeigniter4/framework/system/Database/BaseConnection.php(618): CodeIgniter\Database\BaseConnection->initialize()
#1 /home/jhonlucas/Documents/Projects/moe-project/vendor/codeigniter4/framework/system/Database/BaseBuilder.php(1866): CodeIgniter\Database\BaseConnection->query()
#2 /home/jhonlucas/Documents/Projects/moe-project/vendor/codeigniter4/framework/system/Validation/Rules.php(212): CodeIgniter\Database\BaseBuilder->get()
#3 /home/jhonlucas/Documents/Projects/moe-project/vendor/codeigniter4/framework/system/Validation/Validation.php(306): CodeIgniter\Validation\Rules->is_unique()
#4 /home/jhonlucas/Documents/Projects/moe-project/vendor/codeigniter4/framework/system/Validation/Validation.php(164): CodeIgniter\Validation\Validation->processRules()
#5 /home/jhonlucas/Documents/Projects/moe-project/vendor/codeigniter4/framework/system/Controller.php(181): CodeIgniter\Validation\Validation->run()
#6 /home/jhonlucas/Documents/Projects/moe-project/app/Controllers/Autenticacao.php(28): CodeIgniter\Controller->validate()
#7 /home/jhonlucas/Documents/Projects/moe-project/vendor/codeigniter4/framework/system/CodeIgniter.php(936): App\Controllers\Autenticacao->salvarCadastro()
#8 /home/jhonlucas/Documents/Projects/moe-project/vendor/codeigniter4/framework/system/CodeIgniter.php(432): CodeIgniter\CodeIgniter->runController()
#9 /home/jhonlucas/Documents/Projects/moe-project/vendor/codeigniter4/framework/system/CodeIgniter.php(333): CodeIgniter\CodeIgniter->handleRequest()
#10 /home/jhonlucas/Documents/Projects/moe-project/public/index.php(44): CodeIgniter\CodeIgniter->run()
#11 /home/jhonlucas/Documents/Projects/moe-project/vendor/codeigniter4/framework/system/Commands/Server/rewrite.php(45): require_once('/home/jhonlucas...')
#12 {main}
ERROR - 2021-04-28 22:04:51 --> Error connecting to the database: Call to undefined function CodeIgniter\Database\MySQLi\mysqli_init()
CRITICAL - 2021-04-28 22:04:51 --> Unable to connect to the database.
#0 /home/jhonlucas/Documents/Projects/moe-project/vendor/codeigniter4/framework/system/Database/BaseConnection.php(618): CodeIgniter\Database\BaseConnection->initialize()
#1 /home/jhonlucas/Documents/Projects/moe-project/vendor/codeigniter4/framework/system/Database/BaseBuilder.php(1866): CodeIgniter\Database\BaseConnection->query()
#2 /home/jhonlucas/Documents/Projects/moe-project/vendor/codeigniter4/framework/system/Validation/Rules.php(212): CodeIgniter\Database\BaseBuilder->get()
#3 /home/jhonlucas/Documents/Projects/moe-project/vendor/codeigniter4/framework/system/Validation/Validation.php(306): CodeIgniter\Validation\Rules->is_unique()
#4 /home/jhonlucas/Documents/Projects/moe-project/vendor/codeigniter4/framework/system/Validation/Validation.php(164): CodeIgniter\Validation\Validation->processRules()
#5 /home/jhonlucas/Documents/Projects/moe-project/vendor/codeigniter4/framework/system/Controller.php(181): CodeIgniter\Validation\Validation->run()
#6 /home/jhonlucas/Documents/Projects/moe-project/app/Controllers/Autenticacao.php(28): CodeIgniter\Controller->validate()
#7 /home/jhonlucas/Documents/Projects/moe-project/vendor/codeigniter4/framework/system/CodeIgniter.php(936): App\Controllers\Autenticacao->salvarCadastro()
#8 /home/jhonlucas/Documents/Projects/moe-project/vendor/codeigniter4/framework/system/CodeIgniter.php(432): CodeIgniter\CodeIgniter->runController()
#9 /home/jhonlucas/Documents/Projects/moe-project/vendor/codeigniter4/framework/system/CodeIgniter.php(333): CodeIgniter\CodeIgniter->handleRequest()
#10 /home/jhonlucas/Documents/Projects/moe-project/public/index.php(44): CodeIgniter\CodeIgniter->run()
#11 /home/jhonlucas/Documents/Projects/moe-project/vendor/codeigniter4/framework/system/Commands/Server/rewrite.php(45): require_once('/home/jhonlucas...')
#12 {main}
ERROR - 2021-04-28 22:07:13 --> Error connecting to the database: Call to undefined function CodeIgniter\Database\MySQLi\mysqli_init()
CRITICAL - 2021-04-28 22:07:13 --> Unable to connect to the database.
#0 /home/jhonlucas/Documents/Projects/moe-project/vendor/codeigniter4/framework/system/Database/BaseConnection.php(618): CodeIgniter\Database\BaseConnection->initialize()
#1 /home/jhonlucas/Documents/Projects/moe-project/vendor/codeigniter4/framework/system/Database/BaseBuilder.php(1866): CodeIgniter\Database\BaseConnection->query()
#2 /home/jhonlucas/Documents/Projects/moe-project/vendor/codeigniter4/framework/system/Validation/Rules.php(212): CodeIgniter\Database\BaseBuilder->get()
#3 /home/jhonlucas/Documents/Projects/moe-project/vendor/codeigniter4/framework/system/Validation/Validation.php(306): CodeIgniter\Validation\Rules->is_unique()
#4 /home/jhonlucas/Documents/Projects/moe-project/vendor/codeigniter4/framework/system/Validation/Validation.php(164): CodeIgniter\Validation\Validation->processRules()
#5 /home/jhonlucas/Documents/Projects/moe-project/vendor/codeigniter4/framework/system/Controller.php(181): CodeIgniter\Validation\Validation->run()
#6 /home/jhonlucas/Documents/Projects/moe-project/app/Controllers/Autenticacao.php(28): CodeIgniter\Controller->validate()
#7 /home/jhonlucas/Documents/Projects/moe-project/vendor/codeigniter4/framework/system/CodeIgniter.php(936): App\Controllers\Autenticacao->salvarCadastro()
#8 /home/jhonlucas/Documents/Projects/moe-project/vendor/codeigniter4/framework/system/CodeIgniter.php(432): CodeIgniter\CodeIgniter->runController()
#9 /home/jhonlucas/Documents/Projects/moe-project/vendor/codeigniter4/framework/system/CodeIgniter.php(333): CodeIgniter\CodeIgniter->handleRequest()
#10 /home/jhonlucas/Documents/Projects/moe-project/public/index.php(44): CodeIgniter\CodeIgniter->run()
#11 /home/jhonlucas/Documents/Projects/moe-project/vendor/codeigniter4/framework/system/Commands/Server/rewrite.php(45): require_once('/home/jhonlucas...')
#12 {main}
ERROR - 2021-04-28 22:40:59 --> Error connecting to the database: Call to undefined function CodeIgniter\Database\MySQLi\mysqli_init()
CRITICAL - 2021-04-28 22:40:59 --> Unable to connect to the database.
#0 /home/jhonlucas/Documents/Projects/moe-project/vendor/codeigniter4/framework/system/Database/BaseConnection.php(618): CodeIgniter\Database\BaseConnection->initialize()
#1 /home/jhonlucas/Documents/Projects/moe-project/vendor/codeigniter4/framework/system/Database/BaseBuilder.php(1866): CodeIgniter\Database\BaseConnection->query()
#2 /home/jhonlucas/Documents/Projects/moe-project/vendor/codeigniter4/framework/system/Validation/Rules.php(212): CodeIgniter\Database\BaseBuilder->get()
#3 /home/jhonlucas/Documents/Projects/moe-project/vendor/codeigniter4/framework/system/Validation/Validation.php(306): CodeIgniter\Validation\Rules->is_unique()
#4 /home/jhonlucas/Documents/Projects/moe-project/vendor/codeigniter4/framework/system/Validation/Validation.php(164): CodeIgniter\Validation\Validation->processRules()
#5 /home/jhonlucas/Documents/Projects/moe-project/vendor/codeigniter4/framework/system/Controller.php(181): CodeIgniter\Validation\Validation->run()
#6 /home/jhonlucas/Documents/Projects/moe-project/app/Controllers/Autenticacao.php(28): CodeIgniter\Controller->validate()
#7 /home/jhonlucas/Documents/Projects/moe-project/vendor/codeigniter4/framework/system/CodeIgniter.php(936): App\Controllers\Autenticacao->salvarCadastro()
#8 /home/jhonlucas/Documents/Projects/moe-project/vendor/codeigniter4/framework/system/CodeIgniter.php(432): CodeIgniter\CodeIgniter->runController()
#9 /home/jhonlucas/Documents/Projects/moe-project/vendor/codeigniter4/framework/system/CodeIgniter.php(333): CodeIgniter\CodeIgniter->handleRequest()
#10 /home/jhonlucas/Documents/Projects/moe-project/public/index.php(44): CodeIgniter\CodeIgniter->run()
#11 /home/jhonlucas/Documents/Projects/moe-project/vendor/codeigniter4/framework/system/Commands/Server/rewrite.php(45): require_once('/home/jhonlucas...')
#12 {main}
ERROR - 2021-04-28 22:42:18 --> Error connecting to the database: Call to undefined function CodeIgniter\Database\MySQLi\mysqli_init()
CRITICAL - 2021-04-28 22:42:18 --> Unable to connect to the database.
#0 /home/jhonlucas/Documents/Projects/moe-project/vendor/codeigniter4/framework/system/Database/BaseConnection.php(618): CodeIgniter\Database\BaseConnection->initialize()
#1 /home/jhonlucas/Documents/Projects/moe-project/vendor/codeigniter4/framework/system/Database/BaseBuilder.php(1866): CodeIgniter\Database\BaseConnection->query()
#2 /home/jhonlucas/Documents/Projects/moe-project/vendor/codeigniter4/framework/system/Validation/Rules.php(212): CodeIgniter\Database\BaseBuilder->get()
#3 /home/jhonlucas/Documents/Projects/moe-project/vendor/codeigniter4/framework/system/Validation/Validation.php(306): CodeIgniter\Validation\Rules->is_unique()
#4 /home/jhonlucas/Documents/Projects/moe-project/vendor/codeigniter4/framework/system/Validation/Validation.php(164): CodeIgniter\Validation\Validation->processRules()
#5 /home/jhonlucas/Documents/Projects/moe-project/vendor/codeigniter4/framework/system/Controller.php(181): CodeIgniter\Validation\Validation->run()
#6 /home/jhonlucas/Documents/Projects/moe-project/app/Controllers/Autenticacao.php(28): CodeIgniter\Controller->validate()
#7 /home/jhonlucas/Documents/Projects/moe-project/vendor/codeigniter4/framework/system/CodeIgniter.php(936): App\Controllers\Autenticacao->salvarCadastro()
#8 /home/jhonlucas/Documents/Projects/moe-project/vendor/codeigniter4/framework/system/CodeIgniter.php(432): CodeIgniter\CodeIgniter->runController()
#9 /home/jhonlucas/Documents/Projects/moe-project/vendor/codeigniter4/framework/system/CodeIgniter.php(333): CodeIgniter\CodeIgniter->handleRequest()
#10 /home/jhonlucas/Documents/Projects/moe-project/public/index.php(44): CodeIgniter\CodeIgniter->run()
#11 /home/jhonlucas/Documents/Projects/moe-project/vendor/codeigniter4/framework/system/Commands/Server/rewrite.php(45): require_once('/home/jhonlucas...')
#12 {main}
ERROR - 2021-04-28 22:43:30 --> Error connecting to the database: Call to undefined function CodeIgniter\Database\MySQLi\mysqli_init()
CRITICAL - 2021-04-28 22:43:30 --> Unable to connect to the database.
#0 /home/jhonlucas/Documents/Projects/moe-project/vendor/codeigniter4/framework/system/Database/BaseConnection.php(618): CodeIgniter\Database\BaseConnection->initialize()
#1 /home/jhonlucas/Documents/Projects/moe-project/vendor/codeigniter4/framework/system/Database/BaseBuilder.php(1866): CodeIgniter\Database\BaseConnection->query()
#2 /home/jhonlucas/Documents/Projects/moe-project/vendor/codeigniter4/framework/system/Validation/Rules.php(212): CodeIgniter\Database\BaseBuilder->get()
#3 /home/jhonlucas/Documents/Projects/moe-project/vendor/codeigniter4/framework/system/Validation/Validation.php(306): CodeIgniter\Validation\Rules->is_unique()
#4 /home/jhonlucas/Documents/Projects/moe-project/vendor/codeigniter4/framework/system/Validation/Validation.php(164): CodeIgniter\Validation\Validation->processRules()
#5 /home/jhonlucas/Documents/Projects/moe-project/vendor/codeigniter4/framework/system/Controller.php(181): CodeIgniter\Validation\Validation->run()
#6 /home/jhonlucas/Documents/Projects/moe-project/app/Controllers/Autenticacao.php(28): CodeIgniter\Controller->validate()
#7 /home/jhonlucas/Documents/Projects/moe-project/vendor/codeigniter4/framework/system/CodeIgniter.php(936): App\Controllers\Autenticacao->salvarCadastro()
#8 /home/jhonlucas/Documents/Projects/moe-project/vendor/codeigniter4/framework/system/CodeIgniter.php(432): CodeIgniter\CodeIgniter->runController()
#9 /home/jhonlucas/Documents/Projects/moe-project/vendor/codeigniter4/framework/system/CodeIgniter.php(333): CodeIgniter\CodeIgniter->handleRequest()
#10 /home/jhonlucas/Documents/Projects/moe-project/public/index.php(44): CodeIgniter\CodeIgniter->run()
#11 /home/jhonlucas/Documents/Projects/moe-project/vendor/codeigniter4/framework/system/Commands/Server/rewrite.php(45): require_once('/home/jhonlucas...')
#12 {main}
CRITICAL - 2021-04-28 23:20:52 --> Undefined variable: comboTipoConta
#0 /home/jhonlucas/Documents/Projects/moe-project/app/Views/autenticacao/cadastro.php(36): CodeIgniter\Debug\Exceptions->errorHandler()
#1 /home/jhonlucas/Documents/Projects/moe-project/vendor/codeigniter4/framework/system/View/View.php(220): include('/home/jhonlucas...')
#2 /home/jhonlucas/Documents/Projects/moe-project/vendor/codeigniter4/framework/system/View/View.php(222): CodeIgniter\View\View->CodeIgniter\View\{closure}()
#3 /home/jhonlucas/Documents/Projects/moe-project/vendor/codeigniter4/framework/system/Common.php(1217): CodeIgniter\View\View->render()
#4 /home/jhonlucas/Documents/Projects/moe-project/app/Controllers/Autenticacao.php(21): view()
#5 /home/jhonlucas/Documents/Projects/moe-project/vendor/codeigniter4/framework/system/CodeIgniter.php(936): App\Controllers\Autenticacao->cadastro()
#6 /home/jhonlucas/Documents/Projects/moe-project/vendor/codeigniter4/framework/system/CodeIgniter.php(432): CodeIgniter\CodeIgniter->runController()
#7 /home/jhonlucas/Documents/Projects/moe-project/vendor/codeigniter4/framework/system/CodeIgniter.php(333): CodeIgniter\CodeIgniter->handleRequest()
#8 /home/jhonlucas/Documents/Projects/moe-project/public/index.php(44): CodeIgniter\CodeIgniter->run()
#9 /home/jhonlucas/Documents/Projects/moe-project/vendor/codeigniter4/framework/system/Commands/Server/rewrite.php(45): require_once('/home/jhonlucas...')
#10 {main}
CRITICAL - 2021-04-28 23:22:48 --> Undefined variable: comboTipoConta
#0 /home/jhonlucas/Documents/Projects/moe-project/app/Views/autenticacao/cadastro.php(36): CodeIgniter\Debug\Exceptions->errorHandler()
#1 /home/jhonlucas/Documents/Projects/moe-project/vendor/codeigniter4/framework/system/View/View.php(220): include('/home/jhonlucas...')
#2 /home/jhonlucas/Documents/Projects/moe-project/vendor/codeigniter4/framework/system/View/View.php(222): CodeIgniter\View\View->CodeIgniter\View\{closure}()
#3 /home/jhonlucas/Documents/Projects/moe-project/vendor/codeigniter4/framework/system/Common.php(1217): CodeIgniter\View\View->render()
#4 /home/jhonlucas/Documents/Projects/moe-project/app/Controllers/Autenticacao.php(21): view()
#5 /home/jhonlucas/Documents/Projects/moe-project/vendor/codeigniter4/framework/system/CodeIgniter.php(936): App\Controllers\Autenticacao->cadastro()
#6 /home/jhonlucas/Documents/Projects/moe-project/vendor/codeigniter4/framework/system/CodeIgniter.php(432): CodeIgniter\CodeIgniter->runController()
#7 /home/jhonlucas/Documents/Projects/moe-project/vendor/codeigniter4/framework/system/CodeIgniter.php(333): CodeIgniter\CodeIgniter->handleRequest()
#8 /home/jhonlucas/Documents/Projects/moe-project/public/index.php(44): CodeIgniter\CodeIgniter->run()
#9 /home/jhonlucas/Documents/Projects/moe-project/vendor/codeigniter4/framework/system/Commands/Server/rewrite.php(45): require_once('/home/jhonlucas...')
#10 {main}
CRITICAL - 2021-04-28 23:24:43 --> Undefined variable: comboTipoConta
#0 /home/jhonlucas/Documents/Projects/moe-project/app/Views/autenticacao/cadastro.php(36): CodeIgniter\Debug\Exceptions->errorHandler()
#1 /home/jhonlucas/Documents/Projects/moe-project/vendor/codeigniter4/framework/system/View/View.php(220): include('/home/jhonlucas...')
#2 /home/jhonlucas/Documents/Projects/moe-project/vendor/codeigniter4/framework/system/View/View.php(222): CodeIgniter\View\View->CodeIgniter\View\{closure}()
#3 /home/jhonlucas/Documents/Projects/moe-project/vendor/codeigniter4/framework/system/Common.php(1217): CodeIgniter\View\View->render()
#4 /home/jhonlucas/Documents/Projects/moe-project/app/Controllers/Autenticacao.php(21): view()
#5 /home/jhonlucas/Documents/Projects/moe-project/vendor/codeigniter4/framework/system/CodeIgniter.php(936): App\Controllers\Autenticacao->cadastro()
#6 /home/jhonlucas/Documents/Projects/moe-project/vendor/codeigniter4/framework/system/CodeIgniter.php(432): CodeIgniter\CodeIgniter->runController()
#7 /home/jhonlucas/Documents/Projects/moe-project/vendor/codeigniter4/framework/system/CodeIgniter.php(333): CodeIgniter\CodeIgniter->handleRequest()
#8 /home/jhonlucas/Documents/Projects/moe-project/public/index.php(44): CodeIgniter\CodeIgniter->run()
#9 /home/jhonlucas/Documents/Projects/moe-project/vendor/codeigniter4/framework/system/Commands/Server/rewrite.php(45): require_once('/home/jhonlucas...')
#10 {main}
ERROR - 2021-04-28 23:25:36 --> Error connecting to the database: Call to undefined function CodeIgniter\Database\MySQLi\mysqli_init()
CRITICAL - 2021-04-28 23:25:36 --> Unable to connect to the database.
#0 /home/jhonlucas/Documents/Projects/moe-project/vendor/codeigniter4/framework/system/Database/BaseConnection.php(618): CodeIgniter\Database\BaseConnection->initialize()
#1 /home/jhonlucas/Documents/Projects/moe-project/vendor/codeigniter4/framework/system/Database/BaseBuilder.php(1866): CodeIgniter\Database\BaseConnection->query()
#2 /home/jhonlucas/Documents/Projects/moe-project/vendor/codeigniter4/framework/system/Validation/Rules.php(212): CodeIgniter\Database\BaseBuilder->get()
#3 /home/jhonlucas/Documents/Projects/moe-project/vendor/codeigniter4/framework/system/Validation/Validation.php(306): CodeIgniter\Validation\Rules->is_unique()
#4 /home/jhonlucas/Documents/Projects/moe-project/vendor/codeigniter4/framework/system/Validation/Validation.php(164): CodeIgniter\Validation\Validation->processRules()
#5 /home/jhonlucas/Documents/Projects/moe-project/vendor/codeigniter4/framework/system/Controller.php(181): CodeIgniter\Validation\Validation->run()
#6 /home/jhonlucas/Documents/Projects/moe-project/app/Controllers/Autenticacao.php(32): CodeIgniter\Controller->validate()
#7 /home/jhonlucas/Documents/Projects/moe-project/vendor/codeigniter4/framework/system/CodeIgniter.php(936): App\Controllers\Autenticacao->salvarCadastro()
#8 /home/jhonlucas/Documents/Projects/moe-project/vendor/codeigniter4/framework/system/CodeIgniter.php(432): CodeIgniter\CodeIgniter->runController()
#9 /home/jhonlucas/Documents/Projects/moe-project/vendor/codeigniter4/framework/system/CodeIgniter.php(333): CodeIgniter\CodeIgniter->handleRequest()
#10 /home/jhonlucas/Documents/Projects/moe-project/public/index.php(44): CodeIgniter\CodeIgniter->run()
#11 /home/jhonlucas/Documents/Projects/moe-project/vendor/codeigniter4/framework/system/Commands/Server/rewrite.php(45): require_once('/home/jhonlucas...')
#12 {main}
CRITICAL - 2021-04-28 23:30:20 --> Undefined variable: comboTipoConta
#0 /home/jhonlucas/Documents/Projects/moe-project/app/Views/autenticacao/cadastro.php(36): CodeIgniter\Debug\Exceptions->errorHandler()
#1 /home/jhonlucas/Documents/Projects/moe-project/vendor/codeigniter4/framework/system/View/View.php(220): include('/home/jhonlucas...')
#2 /home/jhonlucas/Documents/Projects/moe-project/vendor/codeigniter4/framework/system/View/View.php(222): CodeIgniter\View\View->CodeIgniter\View\{closure}()
#3 /home/jhonlucas/Documents/Projects/moe-project/vendor/codeigniter4/framework/system/Common.php(1217): CodeIgniter\View\View->render()
#4 /home/jhonlucas/Documents/Projects/moe-project/app/Controllers/Autenticacao.php(21): view()
#5 /home/jhonlucas/Documents/Projects/moe-project/vendor/codeigniter4/framework/system/CodeIgniter.php(936): App\Controllers\Autenticacao->cadastro()
#6 /home/jhonlucas/Documents/Projects/moe-project/vendor/codeigniter4/framework/system/CodeIgniter.php(432): CodeIgniter\CodeIgniter->runController()
#7 /home/jhonlucas/Documents/Projects/moe-project/vendor/codeigniter4/framework/system/CodeIgniter.php(333): CodeIgniter\CodeIgniter->handleRequest()
#8 /home/jhonlucas/Documents/Projects/moe-project/public/index.php(44): CodeIgniter\CodeIgniter->run()
#9 /home/jhonlucas/Documents/Projects/moe-project/vendor/codeigniter4/framework/system/Commands/Server/rewrite.php(45): require_once('/home/jhonlucas...')
#10 {main}
