CRITICAL - 2021-04-29 07:03:28 --> Undefined variable: comboTipoConta
#0 /home/jhonlucas/Documents/Projects/moe-project/app/Views/autenticacao/cadastro.php(36): CodeIgniter\Debug\Exceptions->errorHandler()
#1 /home/jhonlucas/Documents/Projects/moe-project/vendor/codeigniter4/framework/system/View/View.php(220): include('/home/jhonlucas...')
#2 /home/jhonlucas/Documents/Projects/moe-project/vendor/codeigniter4/framework/system/View/View.php(222): CodeIgniter\View\View->CodeIgniter\View\{closure}()
#3 /home/jhonlucas/Documents/Projects/moe-project/vendor/codeigniter4/framework/system/Common.php(1217): CodeIgniter\View\View->render()
#4 /home/jhonlucas/Documents/Projects/moe-project/app/Controllers/Autenticacao.php(21): view()
#5 /home/jhonlucas/Documents/Projects/moe-project/vendor/codeigniter4/framework/system/CodeIgniter.php(936): App\Controllers\Autenticacao->cadastro()
#6 /home/jhonlucas/Documents/Projects/moe-project/vendor/codeigniter4/framework/system/CodeIgniter.php(432): CodeIgniter\CodeIgniter->runController()
#7 /home/jhonlucas/Documents/Projects/moe-project/vendor/codeigniter4/framework/system/CodeIgniter.php(333): CodeIgniter\CodeIgniter->handleRequest()
#8 /home/jhonlucas/Documents/Projects/moe-project/public/index.php(44): CodeIgniter\CodeIgniter->run()
#9 /home/jhonlucas/Documents/Projects/moe-project/vendor/codeigniter4/framework/system/Commands/Server/rewrite.php(45): require_once('/home/jhonlucas...')
#10 {main}
ERROR - 2021-04-29 08:57:16 --> Error connecting to the database: Call to undefined function CodeIgniter\Database\MySQLi\mysqli_init()
CRITICAL - 2021-04-29 08:57:16 --> Unable to connect to the database.
#0 /home/jhonlucas/Documents/Projects/moe-project/vendor/codeigniter4/framework/system/Database/BaseConnection.php(618): CodeIgniter\Database\BaseConnection->initialize()
#1 /home/jhonlucas/Documents/Projects/moe-project/vendor/codeigniter4/framework/system/Database/BaseBuilder.php(1866): CodeIgniter\Database\BaseConnection->query()
#2 /home/jhonlucas/Documents/Projects/moe-project/vendor/codeigniter4/framework/system/Validation/Rules.php(212): CodeIgniter\Database\BaseBuilder->get()
#3 /home/jhonlucas/Documents/Projects/moe-project/vendor/codeigniter4/framework/system/Validation/Validation.php(306): CodeIgniter\Validation\Rules->is_unique()
#4 /home/jhonlucas/Documents/Projects/moe-project/vendor/codeigniter4/framework/system/Validation/Validation.php(164): CodeIgniter\Validation\Validation->processRules()
#5 /home/jhonlucas/Documents/Projects/moe-project/vendor/codeigniter4/framework/system/Controller.php(181): CodeIgniter\Validation\Validation->run()
#6 /home/jhonlucas/Documents/Projects/moe-project/app/Controllers/Autenticacao.php(28): CodeIgniter\Controller->validate()
#7 /home/jhonlucas/Documents/Projects/moe-project/vendor/codeigniter4/framework/system/CodeIgniter.php(936): App\Controllers\Autenticacao->salvarCadastro()
#8 /home/jhonlucas/Documents/Projects/moe-project/vendor/codeigniter4/framework/system/CodeIgniter.php(432): CodeIgniter\CodeIgniter->runController()
#9 /home/jhonlucas/Documents/Projects/moe-project/vendor/codeigniter4/framework/system/CodeIgniter.php(333): CodeIgniter\CodeIgniter->handleRequest()
#10 /home/jhonlucas/Documents/Projects/moe-project/public/index.php(44): CodeIgniter\CodeIgniter->run()
#11 /home/jhonlucas/Documents/Projects/moe-project/vendor/codeigniter4/framework/system/Commands/Server/rewrite.php(45): require_once('/home/jhonlucas...')
#12 {main}
CRITICAL - 2021-04-29 09:03:44 --> required!min_length is not a valid rule.
#0 /home/jhonlucas/Documents/Projects/moe-project/vendor/codeigniter4/framework/system/Validation/Validation.php(314): CodeIgniter\Validation\Exceptions\ValidationException::forRuleNotFound()
#1 /home/jhonlucas/Documents/Projects/moe-project/vendor/codeigniter4/framework/system/Validation/Validation.php(164): CodeIgniter\Validation\Validation->processRules()
#2 /home/jhonlucas/Documents/Projects/moe-project/vendor/codeigniter4/framework/system/Controller.php(181): CodeIgniter\Validation\Validation->run()
#3 /home/jhonlucas/Documents/Projects/moe-project/app/Controllers/Autenticacao.php(28): CodeIgniter\Controller->validate()
#4 /home/jhonlucas/Documents/Projects/moe-project/vendor/codeigniter4/framework/system/CodeIgniter.php(936): App\Controllers\Autenticacao->salvarCadastro()
#5 /home/jhonlucas/Documents/Projects/moe-project/vendor/codeigniter4/framework/system/CodeIgniter.php(432): CodeIgniter\CodeIgniter->runController()
#6 /home/jhonlucas/Documents/Projects/moe-project/vendor/codeigniter4/framework/system/CodeIgniter.php(333): CodeIgniter\CodeIgniter->handleRequest()
#7 /home/jhonlucas/Documents/Projects/moe-project/public/index.php(44): CodeIgniter\CodeIgniter->run()
#8 /home/jhonlucas/Documents/Projects/moe-project/vendor/codeigniter4/framework/system/Commands/Server/rewrite.php(45): require_once('/home/jhonlucas...')
#9 {main}
CRITICAL - 2021-04-29 09:04:20 --> required!min_length is not a valid rule.
#0 /home/jhonlucas/Documents/Projects/moe-project/vendor/codeigniter4/framework/system/Validation/Validation.php(314): CodeIgniter\Validation\Exceptions\ValidationException::forRuleNotFound()
#1 /home/jhonlucas/Documents/Projects/moe-project/vendor/codeigniter4/framework/system/Validation/Validation.php(164): CodeIgniter\Validation\Validation->processRules()
#2 /home/jhonlucas/Documents/Projects/moe-project/vendor/codeigniter4/framework/system/Controller.php(181): CodeIgniter\Validation\Validation->run()
#3 /home/jhonlucas/Documents/Projects/moe-project/app/Controllers/Autenticacao.php(28): CodeIgniter\Controller->validate()
#4 /home/jhonlucas/Documents/Projects/moe-project/vendor/codeigniter4/framework/system/CodeIgniter.php(936): App\Controllers\Autenticacao->salvarCadastro()
#5 /home/jhonlucas/Documents/Projects/moe-project/vendor/codeigniter4/framework/system/CodeIgniter.php(432): CodeIgniter\CodeIgniter->runController()
#6 /home/jhonlucas/Documents/Projects/moe-project/vendor/codeigniter4/framework/system/CodeIgniter.php(333): CodeIgniter\CodeIgniter->handleRequest()
#7 /home/jhonlucas/Documents/Projects/moe-project/public/index.php(44): CodeIgniter\CodeIgniter->run()
#8 /home/jhonlucas/Documents/Projects/moe-project/vendor/codeigniter4/framework/system/Commands/Server/rewrite.php(45): require_once('/home/jhonlucas...')
#9 {main}
ERROR - 2021-04-29 09:05:06 --> Error connecting to the database: Call to undefined function CodeIgniter\Database\MySQLi\mysqli_init()
CRITICAL - 2021-04-29 09:05:06 --> Unable to connect to the database.
#0 /home/jhonlucas/Documents/Projects/moe-project/vendor/codeigniter4/framework/system/Database/BaseConnection.php(618): CodeIgniter\Database\BaseConnection->initialize()
#1 /home/jhonlucas/Documents/Projects/moe-project/vendor/codeigniter4/framework/system/Database/BaseBuilder.php(1866): CodeIgniter\Database\BaseConnection->query()
#2 /home/jhonlucas/Documents/Projects/moe-project/vendor/codeigniter4/framework/system/Validation/Rules.php(212): CodeIgniter\Database\BaseBuilder->get()
#3 /home/jhonlucas/Documents/Projects/moe-project/vendor/codeigniter4/framework/system/Validation/Validation.php(306): CodeIgniter\Validation\Rules->is_unique()
#4 /home/jhonlucas/Documents/Projects/moe-project/vendor/codeigniter4/framework/system/Validation/Validation.php(164): CodeIgniter\Validation\Validation->processRules()
#5 /home/jhonlucas/Documents/Projects/moe-project/vendor/codeigniter4/framework/system/Controller.php(181): CodeIgniter\Validation\Validation->run()
#6 /home/jhonlucas/Documents/Projects/moe-project/app/Controllers/Autenticacao.php(28): CodeIgniter\Controller->validate()
#7 /home/jhonlucas/Documents/Projects/moe-project/vendor/codeigniter4/framework/system/CodeIgniter.php(936): App\Controllers\Autenticacao->salvarCadastro()
#8 /home/jhonlucas/Documents/Projects/moe-project/vendor/codeigniter4/framework/system/CodeIgniter.php(432): CodeIgniter\CodeIgniter->runController()
#9 /home/jhonlucas/Documents/Projects/moe-project/vendor/codeigniter4/framework/system/CodeIgniter.php(333): CodeIgniter\CodeIgniter->handleRequest()
#10 /home/jhonlucas/Documents/Projects/moe-project/public/index.php(44): CodeIgniter\CodeIgniter->run()
#11 /home/jhonlucas/Documents/Projects/moe-project/vendor/codeigniter4/framework/system/Commands/Server/rewrite.php(45): require_once('/home/jhonlucas...')
#12 {main}
ERROR - 2021-04-29 09:08:02 --> Error connecting to the database: Call to undefined function CodeIgniter\Database\MySQLi\mysqli_init()
CRITICAL - 2021-04-29 09:08:02 --> Unable to connect to the database.
#0 /home/jhonlucas/Documents/Projects/moe-project/vendor/codeigniter4/framework/system/Database/BaseConnection.php(618): CodeIgniter\Database\BaseConnection->initialize()
#1 /home/jhonlucas/Documents/Projects/moe-project/vendor/codeigniter4/framework/system/Database/BaseBuilder.php(1866): CodeIgniter\Database\BaseConnection->query()
#2 /home/jhonlucas/Documents/Projects/moe-project/vendor/codeigniter4/framework/system/Validation/Rules.php(212): CodeIgniter\Database\BaseBuilder->get()
#3 /home/jhonlucas/Documents/Projects/moe-project/vendor/codeigniter4/framework/system/Validation/Validation.php(306): CodeIgniter\Validation\Rules->is_unique()
#4 /home/jhonlucas/Documents/Projects/moe-project/vendor/codeigniter4/framework/system/Validation/Validation.php(164): CodeIgniter\Validation\Validation->processRules()
#5 /home/jhonlucas/Documents/Projects/moe-project/vendor/codeigniter4/framework/system/Controller.php(181): CodeIgniter\Validation\Validation->run()
#6 /home/jhonlucas/Documents/Projects/moe-project/app/Controllers/Autenticacao.php(28): CodeIgniter\Controller->validate()
#7 /home/jhonlucas/Documents/Projects/moe-project/vendor/codeigniter4/framework/system/CodeIgniter.php(936): App\Controllers\Autenticacao->salvarCadastro()
#8 /home/jhonlucas/Documents/Projects/moe-project/vendor/codeigniter4/framework/system/CodeIgniter.php(432): CodeIgniter\CodeIgniter->runController()
#9 /home/jhonlucas/Documents/Projects/moe-project/vendor/codeigniter4/framework/system/CodeIgniter.php(333): CodeIgniter\CodeIgniter->handleRequest()
#10 /home/jhonlucas/Documents/Projects/moe-project/public/index.php(44): CodeIgniter\CodeIgniter->run()
#11 /home/jhonlucas/Documents/Projects/moe-project/vendor/codeigniter4/framework/system/Commands/Server/rewrite.php(45): require_once('/home/jhonlucas...')
#12 {main}
ERROR - 2021-04-29 09:09:53 --> Error connecting to the database: Call to undefined function CodeIgniter\Database\MySQLi\mysqli_init()
CRITICAL - 2021-04-29 09:09:53 --> Unable to connect to the database.
#0 /home/jhonlucas/Documents/Projects/moe-project/vendor/codeigniter4/framework/system/Database/BaseConnection.php(618): CodeIgniter\Database\BaseConnection->initialize()
#1 /home/jhonlucas/Documents/Projects/moe-project/vendor/codeigniter4/framework/system/Database/BaseBuilder.php(1866): CodeIgniter\Database\BaseConnection->query()
#2 /home/jhonlucas/Documents/Projects/moe-project/vendor/codeigniter4/framework/system/Validation/Rules.php(212): CodeIgniter\Database\BaseBuilder->get()
#3 /home/jhonlucas/Documents/Projects/moe-project/vendor/codeigniter4/framework/system/Validation/Validation.php(306): CodeIgniter\Validation\Rules->is_unique()
#4 /home/jhonlucas/Documents/Projects/moe-project/vendor/codeigniter4/framework/system/Validation/Validation.php(164): CodeIgniter\Validation\Validation->processRules()
#5 /home/jhonlucas/Documents/Projects/moe-project/vendor/codeigniter4/framework/system/Controller.php(181): CodeIgniter\Validation\Validation->run()
#6 /home/jhonlucas/Documents/Projects/moe-project/app/Controllers/Autenticacao.php(28): CodeIgniter\Controller->validate()
#7 /home/jhonlucas/Documents/Projects/moe-project/vendor/codeigniter4/framework/system/CodeIgniter.php(936): App\Controllers\Autenticacao->salvarCadastro()
#8 /home/jhonlucas/Documents/Projects/moe-project/vendor/codeigniter4/framework/system/CodeIgniter.php(432): CodeIgniter\CodeIgniter->runController()
#9 /home/jhonlucas/Documents/Projects/moe-project/vendor/codeigniter4/framework/system/CodeIgniter.php(333): CodeIgniter\CodeIgniter->handleRequest()
#10 /home/jhonlucas/Documents/Projects/moe-project/public/index.php(44): CodeIgniter\CodeIgniter->run()
#11 /home/jhonlucas/Documents/Projects/moe-project/vendor/codeigniter4/framework/system/Commands/Server/rewrite.php(45): require_once('/home/jhonlucas...')
#12 {main}
ERROR - 2021-04-29 09:10:06 --> Error connecting to the database: Call to undefined function CodeIgniter\Database\MySQLi\mysqli_init()
CRITICAL - 2021-04-29 09:10:06 --> Unable to connect to the database.
#0 /home/jhonlucas/Documents/Projects/moe-project/vendor/codeigniter4/framework/system/Database/BaseConnection.php(618): CodeIgniter\Database\BaseConnection->initialize()
#1 /home/jhonlucas/Documents/Projects/moe-project/vendor/codeigniter4/framework/system/Database/BaseBuilder.php(1866): CodeIgniter\Database\BaseConnection->query()
#2 /home/jhonlucas/Documents/Projects/moe-project/vendor/codeigniter4/framework/system/Validation/Rules.php(212): CodeIgniter\Database\BaseBuilder->get()
#3 /home/jhonlucas/Documents/Projects/moe-project/vendor/codeigniter4/framework/system/Validation/Validation.php(306): CodeIgniter\Validation\Rules->is_unique()
#4 /home/jhonlucas/Documents/Projects/moe-project/vendor/codeigniter4/framework/system/Validation/Validation.php(164): CodeIgniter\Validation\Validation->processRules()
#5 /home/jhonlucas/Documents/Projects/moe-project/vendor/codeigniter4/framework/system/Controller.php(181): CodeIgniter\Validation\Validation->run()
#6 /home/jhonlucas/Documents/Projects/moe-project/app/Controllers/Autenticacao.php(28): CodeIgniter\Controller->validate()
#7 /home/jhonlucas/Documents/Projects/moe-project/vendor/codeigniter4/framework/system/CodeIgniter.php(936): App\Controllers\Autenticacao->salvarCadastro()
#8 /home/jhonlucas/Documents/Projects/moe-project/vendor/codeigniter4/framework/system/CodeIgniter.php(432): CodeIgniter\CodeIgniter->runController()
#9 /home/jhonlucas/Documents/Projects/moe-project/vendor/codeigniter4/framework/system/CodeIgniter.php(333): CodeIgniter\CodeIgniter->handleRequest()
#10 /home/jhonlucas/Documents/Projects/moe-project/public/index.php(44): CodeIgniter\CodeIgniter->run()
#11 /home/jhonlucas/Documents/Projects/moe-project/vendor/codeigniter4/framework/system/Commands/Server/rewrite.php(45): require_once('/home/jhonlucas...')
#12 {main}
ERROR - 2021-04-29 09:11:40 --> Error connecting to the database: Call to undefined function CodeIgniter\Database\MySQLi\mysqli_init()
CRITICAL - 2021-04-29 09:11:40 --> Unable to connect to the database.
#0 /home/jhonlucas/Documents/Projects/moe-project/vendor/codeigniter4/framework/system/Database/BaseConnection.php(618): CodeIgniter\Database\BaseConnection->initialize()
#1 /home/jhonlucas/Documents/Projects/moe-project/vendor/codeigniter4/framework/system/Database/BaseBuilder.php(1866): CodeIgniter\Database\BaseConnection->query()
#2 /home/jhonlucas/Documents/Projects/moe-project/vendor/codeigniter4/framework/system/Validation/Rules.php(212): CodeIgniter\Database\BaseBuilder->get()
#3 /home/jhonlucas/Documents/Projects/moe-project/vendor/codeigniter4/framework/system/Validation/Validation.php(306): CodeIgniter\Validation\Rules->is_unique()
#4 /home/jhonlucas/Documents/Projects/moe-project/vendor/codeigniter4/framework/system/Validation/Validation.php(164): CodeIgniter\Validation\Validation->processRules()
#5 /home/jhonlucas/Documents/Projects/moe-project/vendor/codeigniter4/framework/system/Controller.php(181): CodeIgniter\Validation\Validation->run()
#6 /home/jhonlucas/Documents/Projects/moe-project/app/Controllers/Autenticacao.php(28): CodeIgniter\Controller->validate()
#7 /home/jhonlucas/Documents/Projects/moe-project/vendor/codeigniter4/framework/system/CodeIgniter.php(936): App\Controllers\Autenticacao->salvarCadastro()
#8 /home/jhonlucas/Documents/Projects/moe-project/vendor/codeigniter4/framework/system/CodeIgniter.php(432): CodeIgniter\CodeIgniter->runController()
#9 /home/jhonlucas/Documents/Projects/moe-project/vendor/codeigniter4/framework/system/CodeIgniter.php(333): CodeIgniter\CodeIgniter->handleRequest()
#10 /home/jhonlucas/Documents/Projects/moe-project/public/index.php(44): CodeIgniter\CodeIgniter->run()
#11 /home/jhonlucas/Documents/Projects/moe-project/vendor/codeigniter4/framework/system/Commands/Server/rewrite.php(45): require_once('/home/jhonlucas...')
#12 {main}
ERROR - 2021-04-29 09:12:21 --> Error connecting to the database: Call to undefined function CodeIgniter\Database\MySQLi\mysqli_init()
CRITICAL - 2021-04-29 09:12:21 --> Unable to connect to the database.
#0 /home/jhonlucas/Documents/Projects/moe-project/vendor/codeigniter4/framework/system/Database/BaseConnection.php(618): CodeIgniter\Database\BaseConnection->initialize()
#1 /home/jhonlucas/Documents/Projects/moe-project/vendor/codeigniter4/framework/system/Database/BaseBuilder.php(1866): CodeIgniter\Database\BaseConnection->query()
#2 /home/jhonlucas/Documents/Projects/moe-project/vendor/codeigniter4/framework/system/Validation/Rules.php(212): CodeIgniter\Database\BaseBuilder->get()
#3 /home/jhonlucas/Documents/Projects/moe-project/vendor/codeigniter4/framework/system/Validation/Validation.php(306): CodeIgniter\Validation\Rules->is_unique()
#4 /home/jhonlucas/Documents/Projects/moe-project/vendor/codeigniter4/framework/system/Validation/Validation.php(164): CodeIgniter\Validation\Validation->processRules()
#5 /home/jhonlucas/Documents/Projects/moe-project/vendor/codeigniter4/framework/system/Controller.php(181): CodeIgniter\Validation\Validation->run()
#6 /home/jhonlucas/Documents/Projects/moe-project/app/Controllers/Autenticacao.php(28): CodeIgniter\Controller->validate()
#7 /home/jhonlucas/Documents/Projects/moe-project/vendor/codeigniter4/framework/system/CodeIgniter.php(936): App\Controllers\Autenticacao->salvarCadastro()
#8 /home/jhonlucas/Documents/Projects/moe-project/vendor/codeigniter4/framework/system/CodeIgniter.php(432): CodeIgniter\CodeIgniter->runController()
#9 /home/jhonlucas/Documents/Projects/moe-project/vendor/codeigniter4/framework/system/CodeIgniter.php(333): CodeIgniter\CodeIgniter->handleRequest()
#10 /home/jhonlucas/Documents/Projects/moe-project/public/index.php(44): CodeIgniter\CodeIgniter->run()
#11 /home/jhonlucas/Documents/Projects/moe-project/vendor/codeigniter4/framework/system/Commands/Server/rewrite.php(45): require_once('/home/jhonlucas...')
#12 {main}
ERROR - 2021-04-29 09:16:48 --> Error connecting to the database: Call to undefined function CodeIgniter\Database\MySQLi\mysqli_init()
CRITICAL - 2021-04-29 09:16:48 --> Unable to connect to the database.
#0 /home/jhonlucas/Documents/Projects/moe-project/vendor/codeigniter4/framework/system/Database/BaseConnection.php(618): CodeIgniter\Database\BaseConnection->initialize()
#1 /home/jhonlucas/Documents/Projects/moe-project/vendor/codeigniter4/framework/system/Database/BaseBuilder.php(1866): CodeIgniter\Database\BaseConnection->query()
#2 /home/jhonlucas/Documents/Projects/moe-project/vendor/codeigniter4/framework/system/Validation/Rules.php(212): CodeIgniter\Database\BaseBuilder->get()
#3 /home/jhonlucas/Documents/Projects/moe-project/vendor/codeigniter4/framework/system/Validation/Validation.php(306): CodeIgniter\Validation\Rules->is_unique()
#4 /home/jhonlucas/Documents/Projects/moe-project/vendor/codeigniter4/framework/system/Validation/Validation.php(164): CodeIgniter\Validation\Validation->processRules()
#5 /home/jhonlucas/Documents/Projects/moe-project/vendor/codeigniter4/framework/system/Controller.php(181): CodeIgniter\Validation\Validation->run()
#6 /home/jhonlucas/Documents/Projects/moe-project/app/Controllers/Autenticacao.php(28): CodeIgniter\Controller->validate()
#7 /home/jhonlucas/Documents/Projects/moe-project/vendor/codeigniter4/framework/system/CodeIgniter.php(936): App\Controllers\Autenticacao->salvarCadastro()
#8 /home/jhonlucas/Documents/Projects/moe-project/vendor/codeigniter4/framework/system/CodeIgniter.php(432): CodeIgniter\CodeIgniter->runController()
#9 /home/jhonlucas/Documents/Projects/moe-project/vendor/codeigniter4/framework/system/CodeIgniter.php(333): CodeIgniter\CodeIgniter->handleRequest()
#10 /home/jhonlucas/Documents/Projects/moe-project/public/index.php(44): CodeIgniter\CodeIgniter->run()
#11 /home/jhonlucas/Documents/Projects/moe-project/vendor/codeigniter4/framework/system/Commands/Server/rewrite.php(45): require_once('/home/jhonlucas...')
#12 {main}
ERROR - 2021-04-29 09:17:39 --> Error connecting to the database: Call to undefined function CodeIgniter\Database\MySQLi\mysqli_init()
CRITICAL - 2021-04-29 09:17:39 --> Unable to connect to the database.
#0 /home/jhonlucas/Documents/Projects/moe-project/vendor/codeigniter4/framework/system/Database/BaseConnection.php(618): CodeIgniter\Database\BaseConnection->initialize()
#1 /home/jhonlucas/Documents/Projects/moe-project/vendor/codeigniter4/framework/system/Database/BaseBuilder.php(1866): CodeIgniter\Database\BaseConnection->query()
#2 /home/jhonlucas/Documents/Projects/moe-project/vendor/codeigniter4/framework/system/Validation/Rules.php(212): CodeIgniter\Database\BaseBuilder->get()
#3 /home/jhonlucas/Documents/Projects/moe-project/vendor/codeigniter4/framework/system/Validation/Validation.php(306): CodeIgniter\Validation\Rules->is_unique()
#4 /home/jhonlucas/Documents/Projects/moe-project/vendor/codeigniter4/framework/system/Validation/Validation.php(164): CodeIgniter\Validation\Validation->processRules()
#5 /home/jhonlucas/Documents/Projects/moe-project/vendor/codeigniter4/framework/system/Controller.php(181): CodeIgniter\Validation\Validation->run()
#6 /home/jhonlucas/Documents/Projects/moe-project/app/Controllers/Autenticacao.php(28): CodeIgniter\Controller->validate()
#7 /home/jhonlucas/Documents/Projects/moe-project/vendor/codeigniter4/framework/system/CodeIgniter.php(936): App\Controllers\Autenticacao->salvarCadastro()
#8 /home/jhonlucas/Documents/Projects/moe-project/vendor/codeigniter4/framework/system/CodeIgniter.php(432): CodeIgniter\CodeIgniter->runController()
#9 /home/jhonlucas/Documents/Projects/moe-project/vendor/codeigniter4/framework/system/CodeIgniter.php(333): CodeIgniter\CodeIgniter->handleRequest()
#10 /home/jhonlucas/Documents/Projects/moe-project/public/index.php(44): CodeIgniter\CodeIgniter->run()
#11 /home/jhonlucas/Documents/Projects/moe-project/vendor/codeigniter4/framework/system/Commands/Server/rewrite.php(45): require_once('/home/jhonlucas...')
#12 {main}
ERROR - 2021-04-29 09:19:15 --> Error connecting to the database: Call to undefined function CodeIgniter\Database\MySQLi\mysqli_init()
CRITICAL - 2021-04-29 09:19:15 --> Unable to connect to the database.
#0 /home/jhonlucas/Documents/Projects/moe-project/vendor/codeigniter4/framework/system/Database/BaseConnection.php(618): CodeIgniter\Database\BaseConnection->initialize()
#1 /home/jhonlucas/Documents/Projects/moe-project/vendor/codeigniter4/framework/system/Database/BaseBuilder.php(1866): CodeIgniter\Database\BaseConnection->query()
#2 /home/jhonlucas/Documents/Projects/moe-project/vendor/codeigniter4/framework/system/Validation/Rules.php(212): CodeIgniter\Database\BaseBuilder->get()
#3 /home/jhonlucas/Documents/Projects/moe-project/vendor/codeigniter4/framework/system/Validation/Validation.php(306): CodeIgniter\Validation\Rules->is_unique()
#4 /home/jhonlucas/Documents/Projects/moe-project/vendor/codeigniter4/framework/system/Validation/Validation.php(164): CodeIgniter\Validation\Validation->processRules()
#5 /home/jhonlucas/Documents/Projects/moe-project/vendor/codeigniter4/framework/system/Controller.php(181): CodeIgniter\Validation\Validation->run()
#6 /home/jhonlucas/Documents/Projects/moe-project/app/Controllers/Autenticacao.php(28): CodeIgniter\Controller->validate()
#7 /home/jhonlucas/Documents/Projects/moe-project/vendor/codeigniter4/framework/system/CodeIgniter.php(936): App\Controllers\Autenticacao->salvarCadastro()
#8 /home/jhonlucas/Documents/Projects/moe-project/vendor/codeigniter4/framework/system/CodeIgniter.php(432): CodeIgniter\CodeIgniter->runController()
#9 /home/jhonlucas/Documents/Projects/moe-project/vendor/codeigniter4/framework/system/CodeIgniter.php(333): CodeIgniter\CodeIgniter->handleRequest()
#10 /home/jhonlucas/Documents/Projects/moe-project/public/index.php(44): CodeIgniter\CodeIgniter->run()
#11 /home/jhonlucas/Documents/Projects/moe-project/vendor/codeigniter4/framework/system/Commands/Server/rewrite.php(45): require_once('/home/jhonlucas...')
#12 {main}
ERROR - 2021-04-29 09:35:38 --> Error connecting to the database: Call to undefined function CodeIgniter\Database\MySQLi\mysqli_init()
CRITICAL - 2021-04-29 09:35:38 --> Unable to connect to the database.
#0 /home/jhonlucas/Documents/Projects/moe-project/vendor/codeigniter4/framework/system/Database/BaseConnection.php(618): CodeIgniter\Database\BaseConnection->initialize()
#1 /home/jhonlucas/Documents/Projects/moe-project/vendor/codeigniter4/framework/system/Database/BaseBuilder.php(1866): CodeIgniter\Database\BaseConnection->query()
#2 /home/jhonlucas/Documents/Projects/moe-project/vendor/codeigniter4/framework/system/Validation/Rules.php(212): CodeIgniter\Database\BaseBuilder->get()
#3 /home/jhonlucas/Documents/Projects/moe-project/vendor/codeigniter4/framework/system/Validation/Validation.php(306): CodeIgniter\Validation\Rules->is_unique()
#4 /home/jhonlucas/Documents/Projects/moe-project/vendor/codeigniter4/framework/system/Validation/Validation.php(164): CodeIgniter\Validation\Validation->processRules()
#5 /home/jhonlucas/Documents/Projects/moe-project/vendor/codeigniter4/framework/system/Controller.php(181): CodeIgniter\Validation\Validation->run()
#6 /home/jhonlucas/Documents/Projects/moe-project/app/Controllers/Autenticacao.php(28): CodeIgniter\Controller->validate()
#7 /home/jhonlucas/Documents/Projects/moe-project/vendor/codeigniter4/framework/system/CodeIgniter.php(936): App\Controllers\Autenticacao->salvarCadastro()
#8 /home/jhonlucas/Documents/Projects/moe-project/vendor/codeigniter4/framework/system/CodeIgniter.php(432): CodeIgniter\CodeIgniter->runController()
#9 /home/jhonlucas/Documents/Projects/moe-project/vendor/codeigniter4/framework/system/CodeIgniter.php(333): CodeIgniter\CodeIgniter->handleRequest()
#10 /home/jhonlucas/Documents/Projects/moe-project/public/index.php(44): CodeIgniter\CodeIgniter->run()
#11 /home/jhonlucas/Documents/Projects/moe-project/vendor/codeigniter4/framework/system/Commands/Server/rewrite.php(45): require_once('/home/jhonlucas...')
#12 {main}
ERROR - 2021-04-29 09:40:41 --> Error connecting to the database: Call to undefined function CodeIgniter\Database\MySQLi\mysqli_init()
CRITICAL - 2021-04-29 09:40:41 --> Unable to connect to the database.
#0 /home/jhonlucas/Documents/Projects/moe-project/vendor/codeigniter4/framework/system/Database/BaseConnection.php(618): CodeIgniter\Database\BaseConnection->initialize()
#1 /home/jhonlucas/Documents/Projects/moe-project/vendor/codeigniter4/framework/system/Database/BaseBuilder.php(1866): CodeIgniter\Database\BaseConnection->query()
#2 /home/jhonlucas/Documents/Projects/moe-project/vendor/codeigniter4/framework/system/Validation/Rules.php(212): CodeIgniter\Database\BaseBuilder->get()
#3 /home/jhonlucas/Documents/Projects/moe-project/vendor/codeigniter4/framework/system/Validation/Validation.php(306): CodeIgniter\Validation\Rules->is_unique()
#4 /home/jhonlucas/Documents/Projects/moe-project/vendor/codeigniter4/framework/system/Validation/Validation.php(164): CodeIgniter\Validation\Validation->processRules()
#5 /home/jhonlucas/Documents/Projects/moe-project/vendor/codeigniter4/framework/system/Controller.php(181): CodeIgniter\Validation\Validation->run()
#6 /home/jhonlucas/Documents/Projects/moe-project/app/Controllers/Autenticacao.php(28): CodeIgniter\Controller->validate()
#7 /home/jhonlucas/Documents/Projects/moe-project/vendor/codeigniter4/framework/system/CodeIgniter.php(936): App\Controllers\Autenticacao->salvarCadastro()
#8 /home/jhonlucas/Documents/Projects/moe-project/vendor/codeigniter4/framework/system/CodeIgniter.php(432): CodeIgniter\CodeIgniter->runController()
#9 /home/jhonlucas/Documents/Projects/moe-project/vendor/codeigniter4/framework/system/CodeIgniter.php(333): CodeIgniter\CodeIgniter->handleRequest()
#10 /home/jhonlucas/Documents/Projects/moe-project/public/index.php(44): CodeIgniter\CodeIgniter->run()
#11 /home/jhonlucas/Documents/Projects/moe-project/vendor/codeigniter4/framework/system/Commands/Server/rewrite.php(45): require_once('/home/jhonlucas...')
#12 {main}
ERROR - 2021-04-29 09:41:02 --> Error connecting to the database: Call to undefined function CodeIgniter\Database\MySQLi\mysqli_init()
CRITICAL - 2021-04-29 09:41:02 --> Unable to connect to the database.
#0 /home/jhonlucas/Documents/Projects/moe-project/vendor/codeigniter4/framework/system/Database/BaseConnection.php(618): CodeIgniter\Database\BaseConnection->initialize()
#1 /home/jhonlucas/Documents/Projects/moe-project/vendor/codeigniter4/framework/system/Database/BaseBuilder.php(1866): CodeIgniter\Database\BaseConnection->query()
#2 /home/jhonlucas/Documents/Projects/moe-project/vendor/codeigniter4/framework/system/Validation/Rules.php(212): CodeIgniter\Database\BaseBuilder->get()
#3 /home/jhonlucas/Documents/Projects/moe-project/vendor/codeigniter4/framework/system/Validation/Validation.php(306): CodeIgniter\Validation\Rules->is_unique()
#4 /home/jhonlucas/Documents/Projects/moe-project/vendor/codeigniter4/framework/system/Validation/Validation.php(164): CodeIgniter\Validation\Validation->processRules()
#5 /home/jhonlucas/Documents/Projects/moe-project/vendor/codeigniter4/framework/system/Controller.php(181): CodeIgniter\Validation\Validation->run()
#6 /home/jhonlucas/Documents/Projects/moe-project/app/Controllers/Autenticacao.php(28): CodeIgniter\Controller->validate()
#7 /home/jhonlucas/Documents/Projects/moe-project/vendor/codeigniter4/framework/system/CodeIgniter.php(936): App\Controllers\Autenticacao->salvarCadastro()
#8 /home/jhonlucas/Documents/Projects/moe-project/vendor/codeigniter4/framework/system/CodeIgniter.php(432): CodeIgniter\CodeIgniter->runController()
#9 /home/jhonlucas/Documents/Projects/moe-project/vendor/codeigniter4/framework/system/CodeIgniter.php(333): CodeIgniter\CodeIgniter->handleRequest()
#10 /home/jhonlucas/Documents/Projects/moe-project/public/index.php(44): CodeIgniter\CodeIgniter->run()
#11 /home/jhonlucas/Documents/Projects/moe-project/vendor/codeigniter4/framework/system/Commands/Server/rewrite.php(45): require_once('/home/jhonlucas...')
#12 {main}
ERROR - 2021-04-29 09:59:10 --> Error connecting to the database: Call to undefined function CodeIgniter\Database\MySQLi\mysqli_init()
CRITICAL - 2021-04-29 09:59:10 --> Unable to connect to the database.
#0 /home/jhonlucas/Documents/Projects/moe-project/vendor/codeigniter4/framework/system/Database/BaseConnection.php(618): CodeIgniter\Database\BaseConnection->initialize()
#1 /home/jhonlucas/Documents/Projects/moe-project/vendor/codeigniter4/framework/system/Database/BaseBuilder.php(1866): CodeIgniter\Database\BaseConnection->query()
#2 /home/jhonlucas/Documents/Projects/moe-project/vendor/codeigniter4/framework/system/Validation/Rules.php(212): CodeIgniter\Database\BaseBuilder->get()
#3 /home/jhonlucas/Documents/Projects/moe-project/vendor/codeigniter4/framework/system/Validation/Validation.php(306): CodeIgniter\Validation\Rules->is_unique()
#4 /home/jhonlucas/Documents/Projects/moe-project/vendor/codeigniter4/framework/system/Validation/Validation.php(164): CodeIgniter\Validation\Validation->processRules()
#5 /home/jhonlucas/Documents/Projects/moe-project/vendor/codeigniter4/framework/system/Controller.php(181): CodeIgniter\Validation\Validation->run()
#6 /home/jhonlucas/Documents/Projects/moe-project/app/Controllers/Autenticacao.php(28): CodeIgniter\Controller->validate()
#7 /home/jhonlucas/Documents/Projects/moe-project/vendor/codeigniter4/framework/system/CodeIgniter.php(936): App\Controllers\Autenticacao->salvarCadastro()
#8 /home/jhonlucas/Documents/Projects/moe-project/vendor/codeigniter4/framework/system/CodeIgniter.php(432): CodeIgniter\CodeIgniter->runController()
#9 /home/jhonlucas/Documents/Projects/moe-project/vendor/codeigniter4/framework/system/CodeIgniter.php(333): CodeIgniter\CodeIgniter->handleRequest()
#10 /home/jhonlucas/Documents/Projects/moe-project/public/index.php(44): CodeIgniter\CodeIgniter->run()
#11 /home/jhonlucas/Documents/Projects/moe-project/vendor/codeigniter4/framework/system/Commands/Server/rewrite.php(45): require_once('/home/jhonlucas...')
#12 {main}
ERROR - 2021-04-29 20:06:46 --> Error connecting to the database: Call to undefined function CodeIgniter\Database\MySQLi\mysqli_init()
CRITICAL - 2021-04-29 20:06:46 --> Unable to connect to the database.
#0 /home/jhonlucas/Documents/Projects/sistema-moe/vendor/codeigniter4/framework/system/Database/BaseConnection.php(618): CodeIgniter\Database\BaseConnection->initialize()
#1 /home/jhonlucas/Documents/Projects/sistema-moe/vendor/codeigniter4/framework/system/Database/BaseBuilder.php(1866): CodeIgniter\Database\BaseConnection->query()
#2 /home/jhonlucas/Documents/Projects/sistema-moe/vendor/codeigniter4/framework/system/Validation/Rules.php(212): CodeIgniter\Database\BaseBuilder->get()
#3 /home/jhonlucas/Documents/Projects/sistema-moe/vendor/codeigniter4/framework/system/Validation/Validation.php(306): CodeIgniter\Validation\Rules->is_unique()
#4 /home/jhonlucas/Documents/Projects/sistema-moe/vendor/codeigniter4/framework/system/Validation/Validation.php(164): CodeIgniter\Validation\Validation->processRules()
#5 /home/jhonlucas/Documents/Projects/sistema-moe/vendor/codeigniter4/framework/system/Controller.php(181): CodeIgniter\Validation\Validation->run()
#6 /home/jhonlucas/Documents/Projects/sistema-moe/app/Controllers/Autenticacao.php(28): CodeIgniter\Controller->validate()
#7 /home/jhonlucas/Documents/Projects/sistema-moe/vendor/codeigniter4/framework/system/CodeIgniter.php(936): App\Controllers\Autenticacao->salvarCadastro()
#8 /home/jhonlucas/Documents/Projects/sistema-moe/vendor/codeigniter4/framework/system/CodeIgniter.php(432): CodeIgniter\CodeIgniter->runController()
#9 /home/jhonlucas/Documents/Projects/sistema-moe/vendor/codeigniter4/framework/system/CodeIgniter.php(333): CodeIgniter\CodeIgniter->handleRequest()
#10 /home/jhonlucas/Documents/Projects/sistema-moe/public/index.php(44): CodeIgniter\CodeIgniter->run()
#11 /home/jhonlucas/Documents/Projects/sistema-moe/vendor/codeigniter4/framework/system/Commands/Server/rewrite.php(45): require_once('/home/jhonlucas...')
#12 {main}
ERROR - 2021-04-29 20:07:57 --> Error connecting to the database: Call to undefined function CodeIgniter\Database\MySQLi\mysqli_init()
CRITICAL - 2021-04-29 20:07:57 --> Unable to connect to the database.
#0 /home/jhonlucas/Documents/Projects/sistema-moe/vendor/codeigniter4/framework/system/Database/BaseConnection.php(618): CodeIgniter\Database\BaseConnection->initialize()
#1 /home/jhonlucas/Documents/Projects/sistema-moe/vendor/codeigniter4/framework/system/Database/BaseBuilder.php(1866): CodeIgniter\Database\BaseConnection->query()
#2 /home/jhonlucas/Documents/Projects/sistema-moe/vendor/codeigniter4/framework/system/Validation/Rules.php(212): CodeIgniter\Database\BaseBuilder->get()
#3 /home/jhonlucas/Documents/Projects/sistema-moe/vendor/codeigniter4/framework/system/Validation/Validation.php(306): CodeIgniter\Validation\Rules->is_unique()
#4 /home/jhonlucas/Documents/Projects/sistema-moe/vendor/codeigniter4/framework/system/Validation/Validation.php(164): CodeIgniter\Validation\Validation->processRules()
#5 /home/jhonlucas/Documents/Projects/sistema-moe/vendor/codeigniter4/framework/system/Controller.php(181): CodeIgniter\Validation\Validation->run()
#6 /home/jhonlucas/Documents/Projects/sistema-moe/app/Controllers/Autenticacao.php(28): CodeIgniter\Controller->validate()
#7 /home/jhonlucas/Documents/Projects/sistema-moe/vendor/codeigniter4/framework/system/CodeIgniter.php(936): App\Controllers\Autenticacao->salvarCadastro()
#8 /home/jhonlucas/Documents/Projects/sistema-moe/vendor/codeigniter4/framework/system/CodeIgniter.php(432): CodeIgniter\CodeIgniter->runController()
#9 /home/jhonlucas/Documents/Projects/sistema-moe/vendor/codeigniter4/framework/system/CodeIgniter.php(333): CodeIgniter\CodeIgniter->handleRequest()
#10 /home/jhonlucas/Documents/Projects/sistema-moe/public/index.php(44): CodeIgniter\CodeIgniter->run()
#11 /home/jhonlucas/Documents/Projects/sistema-moe/vendor/codeigniter4/framework/system/Commands/Server/rewrite.php(45): require_once('/home/jhonlucas...')
#12 {main}
ERROR - 2021-04-29 20:10:37 --> Error connecting to the database: Call to undefined function CodeIgniter\Database\MySQLi\mysqli_init()
CRITICAL - 2021-04-29 20:10:37 --> Unable to connect to the database.
#0 /home/jhonlucas/Documents/Projects/sistema-moe/vendor/codeigniter4/framework/system/Database/BaseConnection.php(618): CodeIgniter\Database\BaseConnection->initialize()
#1 /home/jhonlucas/Documents/Projects/sistema-moe/vendor/codeigniter4/framework/system/Database/BaseBuilder.php(1866): CodeIgniter\Database\BaseConnection->query()
#2 /home/jhonlucas/Documents/Projects/sistema-moe/vendor/codeigniter4/framework/system/Validation/Rules.php(212): CodeIgniter\Database\BaseBuilder->get()
#3 /home/jhonlucas/Documents/Projects/sistema-moe/vendor/codeigniter4/framework/system/Validation/Validation.php(306): CodeIgniter\Validation\Rules->is_unique()
#4 /home/jhonlucas/Documents/Projects/sistema-moe/vendor/codeigniter4/framework/system/Validation/Validation.php(164): CodeIgniter\Validation\Validation->processRules()
#5 /home/jhonlucas/Documents/Projects/sistema-moe/vendor/codeigniter4/framework/system/Controller.php(181): CodeIgniter\Validation\Validation->run()
#6 /home/jhonlucas/Documents/Projects/sistema-moe/app/Controllers/Autenticacao.php(28): CodeIgniter\Controller->validate()
#7 /home/jhonlucas/Documents/Projects/sistema-moe/vendor/codeigniter4/framework/system/CodeIgniter.php(936): App\Controllers\Autenticacao->salvarCadastro()
#8 /home/jhonlucas/Documents/Projects/sistema-moe/vendor/codeigniter4/framework/system/CodeIgniter.php(432): CodeIgniter\CodeIgniter->runController()
#9 /home/jhonlucas/Documents/Projects/sistema-moe/vendor/codeigniter4/framework/system/CodeIgniter.php(333): CodeIgniter\CodeIgniter->handleRequest()
#10 /home/jhonlucas/Documents/Projects/sistema-moe/public/index.php(44): CodeIgniter\CodeIgniter->run()
#11 /home/jhonlucas/Documents/Projects/sistema-moe/vendor/codeigniter4/framework/system/Commands/Server/rewrite.php(45): require_once('/home/jhonlucas...')
#12 {main}
ERROR - 2021-04-29 20:14:55 --> Error connecting to the database: Call to undefined function CodeIgniter\Database\MySQLi\mysqli_init()
CRITICAL - 2021-04-29 20:14:55 --> Unable to connect to the database.
#0 /home/jhonlucas/Documents/Projects/sistema-moe/vendor/codeigniter4/framework/system/Database/BaseConnection.php(618): CodeIgniter\Database\BaseConnection->initialize()
#1 /home/jhonlucas/Documents/Projects/sistema-moe/vendor/codeigniter4/framework/system/Database/BaseBuilder.php(1866): CodeIgniter\Database\BaseConnection->query()
#2 /home/jhonlucas/Documents/Projects/sistema-moe/vendor/codeigniter4/framework/system/Validation/Rules.php(212): CodeIgniter\Database\BaseBuilder->get()
#3 /home/jhonlucas/Documents/Projects/sistema-moe/vendor/codeigniter4/framework/system/Validation/Validation.php(306): CodeIgniter\Validation\Rules->is_unique()
#4 /home/jhonlucas/Documents/Projects/sistema-moe/vendor/codeigniter4/framework/system/Validation/Validation.php(164): CodeIgniter\Validation\Validation->processRules()
#5 /home/jhonlucas/Documents/Projects/sistema-moe/vendor/codeigniter4/framework/system/Controller.php(181): CodeIgniter\Validation\Validation->run()
#6 /home/jhonlucas/Documents/Projects/sistema-moe/app/Controllers/Autenticacao.php(28): CodeIgniter\Controller->validate()
#7 /home/jhonlucas/Documents/Projects/sistema-moe/vendor/codeigniter4/framework/system/CodeIgniter.php(936): App\Controllers\Autenticacao->salvarCadastro()
#8 /home/jhonlucas/Documents/Projects/sistema-moe/vendor/codeigniter4/framework/system/CodeIgniter.php(432): CodeIgniter\CodeIgniter->runController()
#9 /home/jhonlucas/Documents/Projects/sistema-moe/vendor/codeigniter4/framework/system/CodeIgniter.php(333): CodeIgniter\CodeIgniter->handleRequest()
#10 /home/jhonlucas/Documents/Projects/sistema-moe/public/index.php(44): CodeIgniter\CodeIgniter->run()
#11 /home/jhonlucas/Documents/Projects/sistema-moe/vendor/codeigniter4/framework/system/Commands/Server/rewrite.php(45): require_once('/home/jhonlucas...')
#12 {main}
ERROR - 2021-04-29 20:36:12 --> Error connecting to the database: Call to undefined function CodeIgniter\Database\MySQLi\mysqli_init()
CRITICAL - 2021-04-29 20:36:12 --> Unable to connect to the database.
#0 /home/jhonlucas/Documents/Projects/sistema-moe/vendor/codeigniter4/framework/system/Database/BaseConnection.php(618): CodeIgniter\Database\BaseConnection->initialize()
#1 /home/jhonlucas/Documents/Projects/sistema-moe/vendor/codeigniter4/framework/system/Database/BaseBuilder.php(1866): CodeIgniter\Database\BaseConnection->query()
#2 /home/jhonlucas/Documents/Projects/sistema-moe/vendor/codeigniter4/framework/system/Validation/Rules.php(212): CodeIgniter\Database\BaseBuilder->get()
#3 /home/jhonlucas/Documents/Projects/sistema-moe/vendor/codeigniter4/framework/system/Validation/Validation.php(306): CodeIgniter\Validation\Rules->is_unique()
#4 /home/jhonlucas/Documents/Projects/sistema-moe/vendor/codeigniter4/framework/system/Validation/Validation.php(164): CodeIgniter\Validation\Validation->processRules()
#5 /home/jhonlucas/Documents/Projects/sistema-moe/vendor/codeigniter4/framework/system/Controller.php(181): CodeIgniter\Validation\Validation->run()
#6 /home/jhonlucas/Documents/Projects/sistema-moe/app/Controllers/Autenticacao.php(28): CodeIgniter\Controller->validate()
#7 /home/jhonlucas/Documents/Projects/sistema-moe/vendor/codeigniter4/framework/system/CodeIgniter.php(936): App\Controllers\Autenticacao->salvarCadastro()
#8 /home/jhonlucas/Documents/Projects/sistema-moe/vendor/codeigniter4/framework/system/CodeIgniter.php(432): CodeIgniter\CodeIgniter->runController()
#9 /home/jhonlucas/Documents/Projects/sistema-moe/vendor/codeigniter4/framework/system/CodeIgniter.php(333): CodeIgniter\CodeIgniter->handleRequest()
#10 /home/jhonlucas/Documents/Projects/sistema-moe/public/index.php(44): CodeIgniter\CodeIgniter->run()
#11 /home/jhonlucas/Documents/Projects/sistema-moe/vendor/codeigniter4/framework/system/Commands/Server/rewrite.php(45): require_once('/home/jhonlucas...')
#12 {main}
ERROR - 2021-04-29 20:36:38 --> Error connecting to the database: Call to undefined function CodeIgniter\Database\MySQLi\mysqli_init()
CRITICAL - 2021-04-29 20:36:38 --> Unable to connect to the database.
#0 /home/jhonlucas/Documents/Projects/sistema-moe/vendor/codeigniter4/framework/system/Database/BaseConnection.php(618): CodeIgniter\Database\BaseConnection->initialize()
#1 /home/jhonlucas/Documents/Projects/sistema-moe/vendor/codeigniter4/framework/system/Database/BaseBuilder.php(1866): CodeIgniter\Database\BaseConnection->query()
#2 /home/jhonlucas/Documents/Projects/sistema-moe/vendor/codeigniter4/framework/system/Validation/Rules.php(212): CodeIgniter\Database\BaseBuilder->get()
#3 /home/jhonlucas/Documents/Projects/sistema-moe/vendor/codeigniter4/framework/system/Validation/Validation.php(306): CodeIgniter\Validation\Rules->is_unique()
#4 /home/jhonlucas/Documents/Projects/sistema-moe/vendor/codeigniter4/framework/system/Validation/Validation.php(164): CodeIgniter\Validation\Validation->processRules()
#5 /home/jhonlucas/Documents/Projects/sistema-moe/vendor/codeigniter4/framework/system/Controller.php(181): CodeIgniter\Validation\Validation->run()
#6 /home/jhonlucas/Documents/Projects/sistema-moe/app/Controllers/Autenticacao.php(28): CodeIgniter\Controller->validate()
#7 /home/jhonlucas/Documents/Projects/sistema-moe/vendor/codeigniter4/framework/system/CodeIgniter.php(936): App\Controllers\Autenticacao->salvarCadastro()
#8 /home/jhonlucas/Documents/Projects/sistema-moe/vendor/codeigniter4/framework/system/CodeIgniter.php(432): CodeIgniter\CodeIgniter->runController()
#9 /home/jhonlucas/Documents/Projects/sistema-moe/vendor/codeigniter4/framework/system/CodeIgniter.php(333): CodeIgniter\CodeIgniter->handleRequest()
#10 /home/jhonlucas/Documents/Projects/sistema-moe/public/index.php(44): CodeIgniter\CodeIgniter->run()
#11 /home/jhonlucas/Documents/Projects/sistema-moe/vendor/codeigniter4/framework/system/Commands/Server/rewrite.php(45): require_once('/home/jhonlucas...')
#12 {main}
ERROR - 2021-04-29 20:38:01 --> Error connecting to the database: Call to undefined function CodeIgniter\Database\MySQLi\mysqli_init()
CRITICAL - 2021-04-29 20:38:01 --> Unable to connect to the database.
#0 /home/jhonlucas/Documents/Projects/sistema-moe/vendor/codeigniter4/framework/system/Database/BaseConnection.php(618): CodeIgniter\Database\BaseConnection->initialize()
#1 /home/jhonlucas/Documents/Projects/sistema-moe/vendor/codeigniter4/framework/system/Database/BaseBuilder.php(1866): CodeIgniter\Database\BaseConnection->query()
#2 /home/jhonlucas/Documents/Projects/sistema-moe/vendor/codeigniter4/framework/system/Validation/Rules.php(212): CodeIgniter\Database\BaseBuilder->get()
#3 /home/jhonlucas/Documents/Projects/sistema-moe/vendor/codeigniter4/framework/system/Validation/Validation.php(306): CodeIgniter\Validation\Rules->is_unique()
#4 /home/jhonlucas/Documents/Projects/sistema-moe/vendor/codeigniter4/framework/system/Validation/Validation.php(164): CodeIgniter\Validation\Validation->processRules()
#5 /home/jhonlucas/Documents/Projects/sistema-moe/vendor/codeigniter4/framework/system/Controller.php(181): CodeIgniter\Validation\Validation->run()
#6 /home/jhonlucas/Documents/Projects/sistema-moe/app/Controllers/Autenticacao.php(28): CodeIgniter\Controller->validate()
#7 /home/jhonlucas/Documents/Projects/sistema-moe/vendor/codeigniter4/framework/system/CodeIgniter.php(936): App\Controllers\Autenticacao->salvarCadastro()
#8 /home/jhonlucas/Documents/Projects/sistema-moe/vendor/codeigniter4/framework/system/CodeIgniter.php(432): CodeIgniter\CodeIgniter->runController()
#9 /home/jhonlucas/Documents/Projects/sistema-moe/vendor/codeigniter4/framework/system/CodeIgniter.php(333): CodeIgniter\CodeIgniter->handleRequest()
#10 /home/jhonlucas/Documents/Projects/sistema-moe/public/index.php(44): CodeIgniter\CodeIgniter->run()
#11 /home/jhonlucas/Documents/Projects/sistema-moe/vendor/codeigniter4/framework/system/Commands/Server/rewrite.php(45): require_once('/home/jhonlucas...')
#12 {main}
ERROR - 2021-04-29 20:42:01 --> Error connecting to the database: Call to undefined function CodeIgniter\Database\MySQLi\mysqli_init()
CRITICAL - 2021-04-29 20:42:01 --> Unable to connect to the database.
#0 /home/jhonlucas/Documents/Projects/sistema-moe/vendor/codeigniter4/framework/system/Database/BaseConnection.php(618): CodeIgniter\Database\BaseConnection->initialize()
#1 /home/jhonlucas/Documents/Projects/sistema-moe/vendor/codeigniter4/framework/system/Database/BaseBuilder.php(1866): CodeIgniter\Database\BaseConnection->query()
#2 /home/jhonlucas/Documents/Projects/sistema-moe/vendor/codeigniter4/framework/system/Validation/Rules.php(212): CodeIgniter\Database\BaseBuilder->get()
#3 /home/jhonlucas/Documents/Projects/sistema-moe/vendor/codeigniter4/framework/system/Validation/Validation.php(306): CodeIgniter\Validation\Rules->is_unique()
#4 /home/jhonlucas/Documents/Projects/sistema-moe/vendor/codeigniter4/framework/system/Validation/Validation.php(164): CodeIgniter\Validation\Validation->processRules()
#5 /home/jhonlucas/Documents/Projects/sistema-moe/vendor/codeigniter4/framework/system/Controller.php(181): CodeIgniter\Validation\Validation->run()
#6 /home/jhonlucas/Documents/Projects/sistema-moe/app/Controllers/Autenticacao.php(28): CodeIgniter\Controller->validate()
#7 /home/jhonlucas/Documents/Projects/sistema-moe/vendor/codeigniter4/framework/system/CodeIgniter.php(936): App\Controllers\Autenticacao->salvarCadastro()
#8 /home/jhonlucas/Documents/Projects/sistema-moe/vendor/codeigniter4/framework/system/CodeIgniter.php(432): CodeIgniter\CodeIgniter->runController()
#9 /home/jhonlucas/Documents/Projects/sistema-moe/vendor/codeigniter4/framework/system/CodeIgniter.php(333): CodeIgniter\CodeIgniter->handleRequest()
#10 /home/jhonlucas/Documents/Projects/sistema-moe/public/index.php(44): CodeIgniter\CodeIgniter->run()
#11 /home/jhonlucas/Documents/Projects/sistema-moe/vendor/codeigniter4/framework/system/Commands/Server/rewrite.php(45): require_once('/home/jhonlucas...')
#12 {main}
ERROR - 2021-04-29 20:48:26 --> Error connecting to the database: Call to undefined function CodeIgniter\Database\MySQLi\mysqli_init()
CRITICAL - 2021-04-29 20:48:26 --> Unable to connect to the database.
#0 /home/jhonlucas/Documents/Projects/sistema-moe/vendor/codeigniter4/framework/system/Database/BaseConnection.php(618): CodeIgniter\Database\BaseConnection->initialize()
#1 /home/jhonlucas/Documents/Projects/sistema-moe/vendor/codeigniter4/framework/system/Database/BaseBuilder.php(1866): CodeIgniter\Database\BaseConnection->query()
#2 /home/jhonlucas/Documents/Projects/sistema-moe/vendor/codeigniter4/framework/system/Validation/Rules.php(212): CodeIgniter\Database\BaseBuilder->get()
#3 /home/jhonlucas/Documents/Projects/sistema-moe/vendor/codeigniter4/framework/system/Validation/Validation.php(306): CodeIgniter\Validation\Rules->is_unique()
#4 /home/jhonlucas/Documents/Projects/sistema-moe/vendor/codeigniter4/framework/system/Validation/Validation.php(164): CodeIgniter\Validation\Validation->processRules()
#5 /home/jhonlucas/Documents/Projects/sistema-moe/vendor/codeigniter4/framework/system/Controller.php(181): CodeIgniter\Validation\Validation->run()
#6 /home/jhonlucas/Documents/Projects/sistema-moe/app/Controllers/Autenticacao.php(28): CodeIgniter\Controller->validate()
#7 /home/jhonlucas/Documents/Projects/sistema-moe/vendor/codeigniter4/framework/system/CodeIgniter.php(936): App\Controllers\Autenticacao->salvarCadastro()
#8 /home/jhonlucas/Documents/Projects/sistema-moe/vendor/codeigniter4/framework/system/CodeIgniter.php(432): CodeIgniter\CodeIgniter->runController()
#9 /home/jhonlucas/Documents/Projects/sistema-moe/vendor/codeigniter4/framework/system/CodeIgniter.php(333): CodeIgniter\CodeIgniter->handleRequest()
#10 /home/jhonlucas/Documents/Projects/sistema-moe/public/index.php(44): CodeIgniter\CodeIgniter->run()
#11 /home/jhonlucas/Documents/Projects/sistema-moe/vendor/codeigniter4/framework/system/Commands/Server/rewrite.php(45): require_once('/home/jhonlucas...')
#12 {main}
ERROR - 2021-04-29 20:52:11 --> Error connecting to the database: Call to undefined function CodeIgniter\Database\MySQLi\mysqli_init()
CRITICAL - 2021-04-29 20:52:11 --> Unable to connect to the database.
#0 /home/jhonlucas/Documents/Projects/sistema-moe/vendor/codeigniter4/framework/system/Database/BaseConnection.php(618): CodeIgniter\Database\BaseConnection->initialize()
#1 /home/jhonlucas/Documents/Projects/sistema-moe/vendor/codeigniter4/framework/system/Database/BaseBuilder.php(1866): CodeIgniter\Database\BaseConnection->query()
#2 /home/jhonlucas/Documents/Projects/sistema-moe/vendor/codeigniter4/framework/system/Validation/Rules.php(212): CodeIgniter\Database\BaseBuilder->get()
#3 /home/jhonlucas/Documents/Projects/sistema-moe/vendor/codeigniter4/framework/system/Validation/Validation.php(306): CodeIgniter\Validation\Rules->is_unique()
#4 /home/jhonlucas/Documents/Projects/sistema-moe/vendor/codeigniter4/framework/system/Validation/Validation.php(164): CodeIgniter\Validation\Validation->processRules()
#5 /home/jhonlucas/Documents/Projects/sistema-moe/vendor/codeigniter4/framework/system/Controller.php(181): CodeIgniter\Validation\Validation->run()
#6 /home/jhonlucas/Documents/Projects/sistema-moe/app/Controllers/Autenticacao.php(28): CodeIgniter\Controller->validate()
#7 /home/jhonlucas/Documents/Projects/sistema-moe/vendor/codeigniter4/framework/system/CodeIgniter.php(936): App\Controllers\Autenticacao->salvarCadastro()
#8 /home/jhonlucas/Documents/Projects/sistema-moe/vendor/codeigniter4/framework/system/CodeIgniter.php(432): CodeIgniter\CodeIgniter->runController()
#9 /home/jhonlucas/Documents/Projects/sistema-moe/vendor/codeigniter4/framework/system/CodeIgniter.php(333): CodeIgniter\CodeIgniter->handleRequest()
#10 /home/jhonlucas/Documents/Projects/sistema-moe/public/index.php(44): CodeIgniter\CodeIgniter->run()
#11 /home/jhonlucas/Documents/Projects/sistema-moe/vendor/codeigniter4/framework/system/Commands/Server/rewrite.php(45): require_once('/home/jhonlucas...')
#12 {main}
CRITICAL - 2021-04-29 23:24:17 --> There is no data to insert.
#0 /home/jhonlucas/Documents/Projects/sistema-moe/vendor/codeigniter4/framework/system/BaseModel.php(735): CodeIgniter\Database\Exceptions\DataException::forEmptyDataset()
#1 /home/jhonlucas/Documents/Projects/sistema-moe/vendor/codeigniter4/framework/system/Model.php(705): CodeIgniter\BaseModel->insert()
#2 /home/jhonlucas/Documents/Projects/sistema-moe/app/Controllers/Autenticacao.php(106): CodeIgniter\Model->insert()
#3 /home/jhonlucas/Documents/Projects/sistema-moe/vendor/codeigniter4/framework/system/CodeIgniter.php(936): App\Controllers\Autenticacao->salvarCadastro()
#4 /home/jhonlucas/Documents/Projects/sistema-moe/vendor/codeigniter4/framework/system/CodeIgniter.php(432): CodeIgniter\CodeIgniter->runController()
#5 /home/jhonlucas/Documents/Projects/sistema-moe/vendor/codeigniter4/framework/system/CodeIgniter.php(333): CodeIgniter\CodeIgniter->handleRequest()
#6 /home/jhonlucas/Documents/Projects/sistema-moe/public/index.php(44): CodeIgniter\CodeIgniter->run()
#7 /home/jhonlucas/Documents/Projects/sistema-moe/vendor/codeigniter4/framework/system/Commands/Server/rewrite.php(45): require_once('/home/jhonlucas...')
#8 {main}
